#! /usr/bin/vvp
:ivl_version "11.0 (stable)";
:ivl_delay_selection "TYPICAL";
:vpi_time_precision + 0;
:vpi_module "/usr/lib/x86_64-linux-gnu/ivl/system.vpi";
:vpi_module "/usr/lib/x86_64-linux-gnu/ivl/vhdl_sys.vpi";
:vpi_module "/usr/lib/x86_64-linux-gnu/ivl/vhdl_textio.vpi";
:vpi_module "/usr/lib/x86_64-linux-gnu/ivl/v2005_math.vpi";
:vpi_module "/usr/lib/x86_64-linux-gnu/ivl/va_math.vpi";
S_0x5581a5201da0 .scope module, "decode" "decode" 2 5;
 .timescale 0 0;
    .port_info 0 /INPUT 1 "clk";
    .port_info 1 /INPUT 4 "icode";
    .port_info 2 /INPUT 4 "rA";
    .port_info 3 /INPUT 4 "rB";
    .port_info 4 /OUTPUT 64 "reg_f0";
    .port_info 5 /OUTPUT 64 "reg_f1";
    .port_info 6 /OUTPUT 64 "reg_f2";
    .port_info 7 /OUTPUT 64 "reg_f3";
    .port_info 8 /OUTPUT 64 "reg_f4";
    .port_info 9 /OUTPUT 64 "reg_f5";
    .port_info 10 /OUTPUT 64 "reg_f6";
    .port_info 11 /OUTPUT 64 "reg_f7";
    .port_info 12 /OUTPUT 64 "reg_f8";
    .port_info 13 /OUTPUT 64 "reg_f9";
    .port_info 14 /OUTPUT 64 "reg_f10";
    .port_info 15 /OUTPUT 64 "reg_f11";
    .port_info 16 /OUTPUT 64 "reg_f12";
    .port_info 17 /OUTPUT 64 "reg_f13";
    .port_info 18 /OUTPUT 64 "reg_f14";
    .port_info 19 /OUTPUT 64 "valA";
    .port_info 20 /OUTPUT 64 "valB";
    .port_info 21 /INPUT 1 "cnd";
    .port_info 22 /INPUT 64 "valM";
    .port_info 23 /INPUT 64 "valE";
o0x7fe5e582a018 .functor BUFZ 1, C4<z>; HiZ drive
v0x5581a51d5000_0 .net "clk", 0 0, o0x7fe5e582a018;  0 drivers
o0x7fe5e582a048 .functor BUFZ 1, C4<z>; HiZ drive
v0x5581a5237180_0 .net "cnd", 0 0, o0x7fe5e582a048;  0 drivers
o0x7fe5e582a078 .functor BUFZ 4, C4<zzzz>; HiZ drive
v0x5581a5237240_0 .net "icode", 3 0, o0x7fe5e582a078;  0 drivers
o0x7fe5e582a0a8 .functor BUFZ 4, C4<zzzz>; HiZ drive
v0x5581a5237300_0 .net "rA", 3 0, o0x7fe5e582a0a8;  0 drivers
o0x7fe5e582a0d8 .functor BUFZ 4, C4<zzzz>; HiZ drive
v0x5581a52373e0_0 .net "rB", 3 0, o0x7fe5e582a0d8;  0 drivers
v0x5581a5237510_0 .var/s "reg_f0", 63 0;
v0x5581a52375f0_0 .var/s "reg_f1", 63 0;
v0x5581a52376d0_0 .var/s "reg_f10", 63 0;
v0x5581a52377b0_0 .var/s "reg_f11", 63 0;
v0x5581a5237890_0 .var/s "reg_f12", 63 0;
v0x5581a5237970_0 .var/s "reg_f13", 63 0;
v0x5581a5237a50_0 .var/s "reg_f14", 63 0;
v0x5581a5237b30_0 .var/s "reg_f2", 63 0;
v0x5581a5237c10_0 .var/s "reg_f3", 63 0;
v0x5581a5237cf0_0 .var/s "reg_f4", 63 0;
v0x5581a5237dd0_0 .var/s "reg_f5", 63 0;
v0x5581a5237eb0_0 .var/s "reg_f6", 63 0;
v0x5581a5237f90_0 .var/s "reg_f7", 63 0;
v0x5581a5238070_0 .var/s "reg_f8", 63 0;
v0x5581a5238150_0 .var/s "reg_f9", 63 0;
v0x5581a5238230 .array/s "temp_memory", 14 0, 63 0;
v0x5581a5238550_0 .var/s "valA", 63 0;
v0x5581a5238630_0 .var/s "valB", 63 0;
o0x7fe5e582a708 .functor BUFZ 64, C4<zzzzzzzzzzzzzzzzzzzzzzzzzzzzzzzzzzzzzzzzzzzzzzzzzzzzzzzzzzzzzzzz>; HiZ drive
v0x5581a5238710_0 .net/s "valE", 63 0, o0x7fe5e582a708;  0 drivers
o0x7fe5e582a738 .functor BUFZ 64, C4<zzzzzzzzzzzzzzzzzzzzzzzzzzzzzzzzzzzzzzzzzzzzzzzzzzzzzzzzzzzzzzzz>; HiZ drive
v0x5581a52387f0_0 .net/s "valM", 63 0, o0x7fe5e582a738;  0 drivers
E_0x5581a5211ad0 .event posedge, v0x5581a51d5000_0;
v0x5581a5238230_0 .array/port v0x5581a5238230, 0;
v0x5581a5238230_1 .array/port v0x5581a5238230, 1;
E_0x5581a5211c60/0 .event edge, v0x5581a5237240_0, v0x5581a5237300_0, v0x5581a5238230_0, v0x5581a5238230_1;
v0x5581a5238230_2 .array/port v0x5581a5238230, 2;
v0x5581a5238230_3 .array/port v0x5581a5238230, 3;
v0x5581a5238230_4 .array/port v0x5581a5238230, 4;
v0x5581a5238230_5 .array/port v0x5581a5238230, 5;
E_0x5581a5211c60/1 .event edge, v0x5581a5238230_2, v0x5581a5238230_3, v0x5581a5238230_4, v0x5581a5238230_5;
v0x5581a5238230_6 .array/port v0x5581a5238230, 6;
v0x5581a5238230_7 .array/port v0x5581a5238230, 7;
v0x5581a5238230_8 .array/port v0x5581a5238230, 8;
v0x5581a5238230_9 .array/port v0x5581a5238230, 9;
E_0x5581a5211c60/2 .event edge, v0x5581a5238230_6, v0x5581a5238230_7, v0x5581a5238230_8, v0x5581a5238230_9;
v0x5581a5238230_10 .array/port v0x5581a5238230, 10;
v0x5581a5238230_11 .array/port v0x5581a5238230, 11;
v0x5581a5238230_12 .array/port v0x5581a5238230, 12;
v0x5581a5238230_13 .array/port v0x5581a5238230, 13;
E_0x5581a5211c60/3 .event edge, v0x5581a5238230_10, v0x5581a5238230_11, v0x5581a5238230_12, v0x5581a5238230_13;
v0x5581a5238230_14 .array/port v0x5581a5238230, 14;
E_0x5581a5211c60/4 .event edge, v0x5581a5238230_14, v0x5581a52373e0_0;
E_0x5581a5211c60 .event/or E_0x5581a5211c60/0, E_0x5581a5211c60/1, E_0x5581a5211c60/2, E_0x5581a5211c60/3, E_0x5581a5211c60/4;
    .scope S_0x5581a5201da0;
T_0 ;
    %pushi/vec4 12, 0, 64;
    %ix/load 4, 0, 0;
    %flag_set/imm 4, 0;
    %store/vec4a v0x5581a5238230, 4, 0;
    %pushi/vec4 10, 0, 64;
    %ix/load 4, 1, 0;
    %flag_set/imm 4, 0;
    %store/vec4a v0x5581a5238230, 4, 0;
    %pushi/vec4 101, 0, 64;
    %ix/load 4, 2, 0;
    %flag_set/imm 4, 0;
    %store/vec4a v0x5581a5238230, 4, 0;
    %pushi/vec4 100, 0, 64;
    %ix/load 4, 3, 0;
    %flag_set/imm 4, 0;
    %store/vec4a v0x5581a5238230, 4, 0;
    %pushi/vec4 4294967295, 0, 32;
    %concati/vec4 4294967276, 0, 32;
    %ix/load 4, 4, 0;
    %flag_set/imm 4, 0;
    %store/vec4a v0x5581a5238230, 4, 0;
    %pushi/vec4 50, 0, 64;
    %ix/load 4, 5, 0;
    %flag_set/imm 4, 0;
    %store/vec4a v0x5581a5238230, 4, 0;
    %pushi/vec4 4294967295, 0, 32;
    %concati/vec4 4294967153, 0, 32;
    %ix/load 4, 6, 0;
    %flag_set/imm 4, 0;
    %store/vec4a v0x5581a5238230, 4, 0;
    %pushi/vec4 10000, 0, 64;
    %ix/load 4, 7, 0;
    %flag_set/imm 4, 0;
    %store/vec4a v0x5581a5238230, 4, 0;
    %pushi/vec4 990000, 0, 64;
    %ix/load 4, 8, 0;
    %flag_set/imm 4, 0;
    %store/vec4a v0x5581a5238230, 4, 0;
    %pushi/vec4 4294967295, 0, 32;
    %concati/vec4 4294954951, 0, 32;
    %ix/load 4, 9, 0;
    %flag_set/imm 4, 0;
    %store/vec4a v0x5581a5238230, 4, 0;
    %pushi/vec4 12345, 0, 64;
    %ix/load 4, 10, 0;
    %flag_set/imm 4, 0;
    %store/vec4a v0x5581a5238230, 4, 0;
    %pushi/vec4 10112, 0, 64;
    %ix/load 4, 11, 0;
    %flag_set/imm 4, 0;
    %store/vec4a v0x5581a5238230, 4, 0;
    %pushi/vec4 0, 0, 64;
    %ix/load 4, 12, 0;
    %flag_set/imm 4, 0;
    %store/vec4a v0x5581a5238230, 4, 0;
    %pushi/vec4 1567, 0, 64;
    %ix/load 4, 13, 0;
    %flag_set/imm 4, 0;
    %store/vec4a v0x5581a5238230, 4, 0;
    %pushi/vec4 8643, 0, 64;
    %ix/load 4, 14, 0;
    %flag_set/imm 4, 0;
    %store/vec4a v0x5581a5238230, 4, 0;
    %end;
    .thread T_0;
    .scope S_0x5581a5201da0;
T_1 ;
    %wait E_0x5581a5211c60;
    %pushi/vec4 0, 0, 64;
    %store/vec4 v0x5581a5238550_0, 0, 64;
    %pushi/vec4 0, 0, 64;
    %store/vec4 v0x5581a5238630_0, 0, 64;
    %load/vec4 v0x5581a5237240_0;
    %cmpi/e 2, 0, 4;
    %flag_mov 8, 4;
    %load/vec4 v0x5581a5237240_0;
    %cmpi/e 3, 0, 4;
    %flag_or 4, 8;
    %jmp/0xz  T_1.0, 4;
    %pushi/vec4 0, 0, 64;
    %store/vec4 v0x5581a5238630_0, 0, 64;
T_1.0 ;
    %load/vec4 v0x5581a5237240_0;
    %cmpi/e 2, 0, 4;
    %flag_mov 8, 4;
    %load/vec4 v0x5581a5237240_0;
    %cmpi/e 4, 0, 4;
    %flag_or 4, 8;
    %flag_mov 8, 4;
    %load/vec4 v0x5581a5237240_0;
    %cmpi/e 6, 0, 4;
    %flag_or 4, 8;
    %flag_mov 8, 4;
    %load/vec4 v0x5581a5237240_0;
    %cmpi/e 10, 0, 4;
    %flag_or 4, 8;
    %jmp/0xz  T_1.2, 4;
    %load/vec4 v0x5581a5237300_0;
    %pad/u 6;
    %ix/vec4 4;
    %load/vec4a v0x5581a5238230, 4;
    %store/vec4 v0x5581a5238550_0, 0, 64;
T_1.2 ;
    %load/vec4 v0x5581a5237240_0;
    %cmpi/e 4, 0, 4;
    %flag_mov 8, 4;
    %load/vec4 v0x5581a5237240_0;
    %cmpi/e 5, 0, 4;
    %flag_or 4, 8;
    %flag_mov 8, 4;
    %load/vec4 v0x5581a5237240_0;
    %cmpi/e 6, 0, 4;
    %flag_or 4, 8;
    %jmp/0xz  T_1.4, 4;
    %load/vec4 v0x5581a52373e0_0;
    %pad/u 6;
    %ix/vec4 4;
    %load/vec4a v0x5581a5238230, 4;
    %store/vec4 v0x5581a5238630_0, 0, 64;
T_1.4 ;
    %load/vec4 v0x5581a5237240_0;
    %cmpi/e 8, 0, 4;
    %flag_mov 8, 4;
    %load/vec4 v0x5581a5237240_0;
    %cmpi/e 9, 0, 4;
    %flag_or 4, 8;
    %flag_mov 8, 4;
    %load/vec4 v0x5581a5237240_0;
    %cmpi/e 10, 0, 4;
    %flag_or 4, 8;
    %flag_mov 8, 4;
    %load/vec4 v0x5581a5237240_0;
    %cmpi/e 11, 0, 4;
    %flag_or 4, 8;
    %jmp/0xz  T_1.6, 4;
    %ix/load 4, 4, 0;
    %flag_set/imm 4, 0;
    %load/vec4a v0x5581a5238230, 4;
    %store/vec4 v0x5581a5238630_0, 0, 64;
T_1.6 ;
    %load/vec4 v0x5581a5237240_0;
    %cmpi/e 9, 0, 4;
    %flag_mov 8, 4;
    %load/vec4 v0x5581a5237240_0;
    %cmpi/e 11, 0, 4;
    %flag_or 4, 8;
    %jmp/0xz  T_1.8, 4;
    %ix/load 4, 4, 0;
    %flag_set/imm 4, 0;
    %load/vec4a v0x5581a5238230, 4;
    %store/vec4 v0x5581a5238550_0, 0, 64;
T_1.8 ;
    %jmp T_1;
    .thread T_1, $push;
    .scope S_0x5581a5201da0;
T_2 ;
    %wait E_0x5581a5211ad0;
    %load/vec4 v0x5581a5237240_0;
    %cmpi/e 3, 0, 4;
    %flag_mov 8, 4;
    %load/vec4 v0x5581a5237240_0;
    %cmpi/e 6, 0, 4;
    %flag_or 4, 8;
    %jmp/0xz  T_2.0, 4;
    %load/vec4 v0x5581a5238710_0;
    %load/vec4 v0x5581a52373e0_0;
    %pad/u 6;
    %ix/vec4 4;
    %store/vec4a v0x5581a5238230, 4, 0;
T_2.0 ;
    %load/vec4 v0x5581a5237240_0;
    %cmpi/e 5, 0, 4;
    %flag_mov 8, 4;
    %load/vec4 v0x5581a5237240_0;
    %cmpi/e 11, 0, 4;
    %flag_or 4, 8;
    %jmp/0xz  T_2.2, 4;
    %load/vec4 v0x5581a52387f0_0;
    %load/vec4 v0x5581a5237300_0;
    %pad/u 6;
    %ix/vec4 4;
    %store/vec4a v0x5581a5238230, 4, 0;
T_2.2 ;
    %load/vec4 v0x5581a5237240_0;
    %cmpi/e 8, 0, 4;
    %flag_mov 8, 4;
    %load/vec4 v0x5581a5237240_0;
    %cmpi/e 9, 0, 4;
    %flag_or 4, 8;
    %flag_mov 8, 4;
    %load/vec4 v0x5581a5237240_0;
    %cmpi/e 10, 0, 4;
    %flag_or 4, 8;
    %flag_mov 8, 4;
    %load/vec4 v0x5581a5237240_0;
    %cmpi/e 11, 0, 4;
    %flag_or 4, 8;
    %jmp/0xz  T_2.4, 4;
    %load/vec4 v0x5581a5238710_0;
    %ix/load 4, 4, 0;
    %flag_set/imm 4, 0;
    %store/vec4a v0x5581a5238230, 4, 0;
T_2.4 ;
    %load/vec4 v0x5581a5237240_0;
    %cmpi/e 2, 0, 4;
    %jmp/0xz  T_2.6, 4;
    %load/vec4 v0x5581a5237180_0;
    %flag_set/vec4 8;
    %jmp/0xz  T_2.8, 8;
    %load/vec4 v0x5581a5238710_0;
    %load/vec4 v0x5581a52373e0_0;
    %pad/u 6;
    %ix/vec4 4;
    %store/vec4a v0x5581a5238230, 4, 0;
T_2.8 ;
T_2.6 ;
    %ix/load 4, 0, 0;
    %flag_set/imm 4, 0;
    %load/vec4a v0x5581a5238230, 4;
    %assign/vec4 v0x5581a5237510_0, 0;
    %ix/load 4, 1, 0;
    %flag_set/imm 4, 0;
    %load/vec4a v0x5581a5238230, 4;
    %assign/vec4 v0x5581a52375f0_0, 0;
    %ix/load 4, 2, 0;
    %flag_set/imm 4, 0;
    %load/vec4a v0x5581a5238230, 4;
    %assign/vec4 v0x5581a5237b30_0, 0;
    %ix/load 4, 3, 0;
    %flag_set/imm 4, 0;
    %load/vec4a v0x5581a5238230, 4;
    %assign/vec4 v0x5581a5237c10_0, 0;
    %ix/load 4, 4, 0;
    %flag_set/imm 4, 0;
    %load/vec4a v0x5581a5238230, 4;
    %assign/vec4 v0x5581a5237cf0_0, 0;
    %ix/load 4, 5, 0;
    %flag_set/imm 4, 0;
    %load/vec4a v0x5581a5238230, 4;
    %assign/vec4 v0x5581a5237dd0_0, 0;
    %ix/load 4, 6, 0;
    %flag_set/imm 4, 0;
    %load/vec4a v0x5581a5238230, 4;
    %assign/vec4 v0x5581a5237eb0_0, 0;
    %ix/load 4, 7, 0;
    %flag_set/imm 4, 0;
    %load/vec4a v0x5581a5238230, 4;
    %assign/vec4 v0x5581a5237f90_0, 0;
    %ix/load 4, 8, 0;
    %flag_set/imm 4, 0;
    %load/vec4a v0x5581a5238230, 4;
    %assign/vec4 v0x5581a5238070_0, 0;
    %ix/load 4, 9, 0;
    %flag_set/imm 4, 0;
    %load/vec4a v0x5581a5238230, 4;
    %assign/vec4 v0x5581a5238150_0, 0;
    %ix/load 4, 10, 0;
    %flag_set/imm 4, 0;
    %load/vec4a v0x5581a5238230, 4;
    %assign/vec4 v0x5581a52376d0_0, 0;
    %ix/load 4, 11, 0;
    %flag_set/imm 4, 0;
    %load/vec4a v0x5581a5238230, 4;
    %assign/vec4 v0x5581a52377b0_0, 0;
    %ix/load 4, 12, 0;
    %flag_set/imm 4, 0;
    %load/vec4a v0x5581a5238230, 4;
    %assign/vec4 v0x5581a5237890_0, 0;
    %ix/load 4, 13, 0;
    %flag_set/imm 4, 0;
    %load/vec4a v0x5581a5238230, 4;
    %assign/vec4 v0x5581a5237970_0, 0;
    %ix/load 4, 14, 0;
    %flag_set/imm 4, 0;
    %load/vec4a v0x5581a5238230, 4;
    %assign/vec4 v0x5581a5237a50_0, 0;
    %jmp T_2;
    .thread T_2;
# The file index is used to find the file name in the following table.
:file_names 3;
    "N/A";
    "<interactive>";
    "decode.v";
