#! /usr/bin/vvp
:ivl_version "11.0 (stable)";
:ivl_delay_selection "TYPICAL";
:vpi_time_precision + 0;
:vpi_module "/usr/lib/x86_64-linux-gnu/ivl/system.vpi";
:vpi_module "/usr/lib/x86_64-linux-gnu/ivl/vhdl_sys.vpi";
:vpi_module "/usr/lib/x86_64-linux-gnu/ivl/vhdl_textio.vpi";
:vpi_module "/usr/lib/x86_64-linux-gnu/ivl/v2005_math.vpi";
:vpi_module "/usr/lib/x86_64-linux-gnu/ivl/va_math.vpi";
S_0x559b012b1520 .scope module, "decode_tb" "decode_tb" 2 3;
 .timescale 0 0;
v0x559b012f33b0_0 .var "PC", 63 0;
v0x559b012f34c0_0 .var "clk", 0 0;
L_0x7f5f51bb7018 .functor BUFT 1, C4<1>, C4<0>, C4<0>, C4<0>;
v0x559b012f3560_0 .net "cnd", 0 0, L_0x7f5f51bb7018;  1 drivers
v0x559b012f3630_0 .net "halt", 0 0, v0x559b012f2a70_0;  1 drivers
v0x559b012f3700_0 .net "icode", 3 0, v0x559b012f2b10_0;  1 drivers
v0x559b012f3840_0 .net "ifun", 3 0, v0x559b012f2bb0_0;  1 drivers
v0x559b012f38e0_0 .var "instr", 0 79;
v0x559b012f3980 .array "instr_memory", 255 0, 7 0;
v0x559b012f3a20_0 .net "invalid_instr", 0 0, v0x559b012f2d80_0;  1 drivers
v0x559b012f3b80_0 .net "mem_error", 0 0, v0x559b012f2e40_0;  1 drivers
v0x559b012f3c50_0 .net "rA", 3 0, v0x559b012f2f00_0;  1 drivers
v0x559b012f3cf0_0 .net "rB", 3 0, v0x559b012f2fc0_0;  1 drivers
v0x559b012f3de0_0 .net/s "reg_f0", 63 0, v0x559b012f0f30_0;  1 drivers
v0x559b012f3e80_0 .net/s "reg_f1", 63 0, v0x559b012f1010_0;  1 drivers
v0x559b012f3f20_0 .net/s "reg_f10", 63 0, v0x559b012f10f0_0;  1 drivers
v0x559b012f3ff0_0 .net/s "reg_f11", 63 0, v0x559b012f11d0_0;  1 drivers
v0x559b012f40c0_0 .net/s "reg_f12", 63 0, v0x559b012f12b0_0;  1 drivers
v0x559b012f42a0_0 .net/s "reg_f13", 63 0, v0x559b012f1390_0;  1 drivers
v0x559b012f4370_0 .net/s "reg_f14", 63 0, v0x559b012f1470_0;  1 drivers
v0x559b012f4440_0 .net/s "reg_f2", 63 0, v0x559b012f1550_0;  1 drivers
v0x559b012f4510_0 .net/s "reg_f3", 63 0, v0x559b012f1630_0;  1 drivers
v0x559b012f45e0_0 .net/s "reg_f4", 63 0, v0x559b012f1710_0;  1 drivers
v0x559b012f46b0_0 .net/s "reg_f5", 63 0, v0x559b012f17f0_0;  1 drivers
v0x559b012f4780_0 .net/s "reg_f6", 63 0, v0x559b012f18d0_0;  1 drivers
v0x559b012f4850_0 .net/s "reg_f7", 63 0, v0x559b012f19b0_0;  1 drivers
v0x559b012f4920_0 .net/s "reg_f8", 63 0, v0x559b012f1a90_0;  1 drivers
v0x559b012f49f0_0 .net/s "reg_f9", 63 0, v0x559b012f1b70_0;  1 drivers
v0x559b012f4ac0_0 .net/s "valA", 63 0, v0x559b012f1ef0_0;  1 drivers
v0x559b012f4b90_0 .net/s "valB", 63 0, v0x559b012f1fd0_0;  1 drivers
o0x7f5f51e4f708 .functor BUFZ 64, C4<zzzzzzzzzzzzzzzzzzzzzzzzzzzzzzzzzzzzzzzzzzzzzzzzzzzzzzzzzzzzzzzz>; HiZ drive
v0x559b012f4c60_0 .net/s "valE", 63 0, o0x7f5f51e4f708;  0 drivers
o0x7f5f51e4f738 .functor BUFZ 64, C4<zzzzzzzzzzzzzzzzzzzzzzzzzzzzzzzzzzzzzzzzzzzzzzzzzzzzzzzzzzzzzzzz>; HiZ drive
v0x559b012f4d30_0 .net/s "valM", 63 0, o0x7f5f51e4f738;  0 drivers
v0x559b012f4e00_0 .net "valP", 63 0, v0x559b012f3090_0;  1 drivers
v0x559b012f4ed0_0 .net/s "valc", 63 0, v0x559b012f3150_0;  1 drivers
E_0x559b012a43c0 .event edge, v0x559b012f2d80_0;
E_0x559b012a3e90 .event edge, v0x559b012f2e40_0;
E_0x559b012a3ff0 .event edge, v0x559b012ce340_0;
E_0x559b012a46b0 .event edge, v0x559b012f28b0_0;
S_0x559b012b16e0 .scope module, "decode_call" "decode" 2 28, 3 5 0, S_0x559b012b1520;
 .timescale 0 0;
    .port_info 0 /INPUT 1 "clk";
    .port_info 1 /INPUT 4 "icode";
    .port_info 2 /INPUT 4 "rA";
    .port_info 3 /INPUT 4 "rB";
    .port_info 4 /OUTPUT 64 "reg_f0";
    .port_info 5 /OUTPUT 64 "reg_f1";
    .port_info 6 /OUTPUT 64 "reg_f2";
    .port_info 7 /OUTPUT 64 "reg_f3";
    .port_info 8 /OUTPUT 64 "reg_f4";
    .port_info 9 /OUTPUT 64 "reg_f5";
    .port_info 10 /OUTPUT 64 "reg_f6";
    .port_info 11 /OUTPUT 64 "reg_f7";
    .port_info 12 /OUTPUT 64 "reg_f8";
    .port_info 13 /OUTPUT 64 "reg_f9";
    .port_info 14 /OUTPUT 64 "reg_f10";
    .port_info 15 /OUTPUT 64 "reg_f11";
    .port_info 16 /OUTPUT 64 "reg_f12";
    .port_info 17 /OUTPUT 64 "reg_f13";
    .port_info 18 /OUTPUT 64 "reg_f14";
    .port_info 19 /OUTPUT 64 "valA";
    .port_info 20 /OUTPUT 64 "valB";
    .port_info 21 /INPUT 1 "cnd";
    .port_info 22 /INPUT 64 "valM";
    .port_info 23 /INPUT 64 "valE";
v0x559b012cb410_0 .net "clk", 0 0, v0x559b012f34c0_0;  1 drivers
v0x559b012ce2a0_0 .net "cnd", 0 0, L_0x7f5f51bb7018;  alias, 1 drivers
v0x559b012ce340_0 .net "icode", 3 0, v0x559b012f2b10_0;  alias, 1 drivers
v0x559b012f0d20_0 .net "rA", 3 0, v0x559b012f2f00_0;  alias, 1 drivers
v0x559b012f0e00_0 .net "rB", 3 0, v0x559b012f2fc0_0;  alias, 1 drivers
v0x559b012f0f30_0 .var/s "reg_f0", 63 0;
v0x559b012f1010_0 .var/s "reg_f1", 63 0;
v0x559b012f10f0_0 .var/s "reg_f10", 63 0;
v0x559b012f11d0_0 .var/s "reg_f11", 63 0;
v0x559b012f12b0_0 .var/s "reg_f12", 63 0;
v0x559b012f1390_0 .var/s "reg_f13", 63 0;
v0x559b012f1470_0 .var/s "reg_f14", 63 0;
v0x559b012f1550_0 .var/s "reg_f2", 63 0;
v0x559b012f1630_0 .var/s "reg_f3", 63 0;
v0x559b012f1710_0 .var/s "reg_f4", 63 0;
v0x559b012f17f0_0 .var/s "reg_f5", 63 0;
v0x559b012f18d0_0 .var/s "reg_f6", 63 0;
v0x559b012f19b0_0 .var/s "reg_f7", 63 0;
v0x559b012f1a90_0 .var/s "reg_f8", 63 0;
v0x559b012f1b70_0 .var/s "reg_f9", 63 0;
v0x559b012f1c50 .array/s "temp_memory", 14 0, 63 0;
v0x559b012f1ef0_0 .var/s "valA", 63 0;
v0x559b012f1fd0_0 .var/s "valB", 63 0;
v0x559b012f20b0_0 .net/s "valE", 63 0, o0x7f5f51e4f708;  alias, 0 drivers
v0x559b012f2190_0 .net "valM", 63 0, o0x7f5f51e4f738;  alias, 0 drivers
E_0x559b012a4920 .event posedge, v0x559b012cb410_0;
v0x559b012f1c50_0 .array/port v0x559b012f1c50, 0;
v0x559b012f1c50_1 .array/port v0x559b012f1c50, 1;
E_0x559b0127e9f0/0 .event edge, v0x559b012ce340_0, v0x559b012f0d20_0, v0x559b012f1c50_0, v0x559b012f1c50_1;
v0x559b012f1c50_2 .array/port v0x559b012f1c50, 2;
v0x559b012f1c50_3 .array/port v0x559b012f1c50, 3;
v0x559b012f1c50_4 .array/port v0x559b012f1c50, 4;
v0x559b012f1c50_5 .array/port v0x559b012f1c50, 5;
E_0x559b0127e9f0/1 .event edge, v0x559b012f1c50_2, v0x559b012f1c50_3, v0x559b012f1c50_4, v0x559b012f1c50_5;
v0x559b012f1c50_6 .array/port v0x559b012f1c50, 6;
v0x559b012f1c50_7 .array/port v0x559b012f1c50, 7;
v0x559b012f1c50_8 .array/port v0x559b012f1c50, 8;
v0x559b012f1c50_9 .array/port v0x559b012f1c50, 9;
E_0x559b0127e9f0/2 .event edge, v0x559b012f1c50_6, v0x559b012f1c50_7, v0x559b012f1c50_8, v0x559b012f1c50_9;
v0x559b012f1c50_10 .array/port v0x559b012f1c50, 10;
v0x559b012f1c50_11 .array/port v0x559b012f1c50, 11;
v0x559b012f1c50_12 .array/port v0x559b012f1c50, 12;
v0x559b012f1c50_13 .array/port v0x559b012f1c50, 13;
E_0x559b0127e9f0/3 .event edge, v0x559b012f1c50_10, v0x559b012f1c50_11, v0x559b012f1c50_12, v0x559b012f1c50_13;
v0x559b012f1c50_14 .array/port v0x559b012f1c50, 14;
E_0x559b0127e9f0/4 .event edge, v0x559b012f1c50_14, v0x559b012f0e00_0;
E_0x559b0127e9f0 .event/or E_0x559b0127e9f0/0, E_0x559b0127e9f0/1, E_0x559b0127e9f0/2, E_0x559b0127e9f0/3, E_0x559b0127e9f0/4;
S_0x559b012f2570 .scope module, "fetch_call" "fetch" 2 23, 4 1 0, S_0x559b012b1520;
 .timescale 0 0;
    .port_info 0 /INPUT 1 "clk";
    .port_info 1 /OUTPUT 4 "icode";
    .port_info 2 /OUTPUT 4 "ifun";
    .port_info 3 /OUTPUT 4 "rA";
    .port_info 4 /OUTPUT 4 "rB";
    .port_info 5 /OUTPUT 64 "valc";
    .port_info 6 /OUTPUT 64 "valP";
    .port_info 7 /INPUT 64 "PC";
    .port_info 8 /OUTPUT 1 "invalid_instr";
    .port_info 9 /OUTPUT 1 "mem_error";
    .port_info 10 /OUTPUT 1 "halt";
    .port_info 11 /INPUT 80 "instr";
v0x559b012f28b0_0 .net "PC", 63 0, v0x559b012f33b0_0;  1 drivers
v0x559b012f29b0_0 .net "clk", 0 0, v0x559b012f34c0_0;  alias, 1 drivers
v0x559b012f2a70_0 .var "halt", 0 0;
v0x559b012f2b10_0 .var "icode", 3 0;
v0x559b012f2bb0_0 .var "ifun", 3 0;
v0x559b012f2ca0_0 .net "instr", 0 79, v0x559b012f38e0_0;  1 drivers
v0x559b012f2d80_0 .var "invalid_instr", 0 0;
v0x559b012f2e40_0 .var "mem_error", 0 0;
v0x559b012f2f00_0 .var "rA", 3 0;
v0x559b012f2fc0_0 .var "rB", 3 0;
v0x559b012f3090_0 .var "valP", 63 0;
v0x559b012f3150_0 .var/s "valc", 63 0;
E_0x559b012f2850 .event edge, v0x559b012f28b0_0, v0x559b012f2ca0_0, v0x559b012ce340_0;
    .scope S_0x559b012f2570;
T_0 ;
    %pushi/vec4 0, 0, 1;
    %store/vec4 v0x559b012f2d80_0, 0, 1;
    %pushi/vec4 0, 0, 1;
    %store/vec4 v0x559b012f2e40_0, 0, 1;
    %pushi/vec4 0, 0, 1;
    %store/vec4 v0x559b012f2a70_0, 0, 1;
    %end;
    .thread T_0;
    .scope S_0x559b012f2570;
T_1 ;
    %wait E_0x559b012f2850;
    %load/vec4 v0x559b012f28b0_0;
    %cmpi/u 255, 0, 64;
    %flag_or 5, 4; GT is !LE
    %flag_inv 5;
    %jmp/0xz  T_1.0, 5;
    %pushi/vec4 1, 0, 1;
    %store/vec4 v0x559b012f2e40_0, 0, 1;
    %vpi_call 4 16 "$finish" {0 0 0};
T_1.0 ;
    %load/vec4 v0x559b012f2ca0_0;
    %parti/s 8, 72, 8;
    %split/vec4 4;
    %store/vec4 v0x559b012f2bb0_0, 0, 4;
    %store/vec4 v0x559b012f2b10_0, 0, 4;
    %load/vec4 v0x559b012f2b10_0;
    %cmpi/e 0, 0, 4;
    %jmp/0xz  T_1.2, 4;
    %pushi/vec4 1, 0, 1;
    %store/vec4 v0x559b012f2a70_0, 0, 1;
    %load/vec4 v0x559b012f28b0_0;
    %addi 1, 0, 64;
    %store/vec4 v0x559b012f3090_0, 0, 64;
    %jmp T_1.3;
T_1.2 ;
    %load/vec4 v0x559b012f2b10_0;
    %cmpi/e 1, 0, 4;
    %jmp/0xz  T_1.4, 4;
    %load/vec4 v0x559b012f28b0_0;
    %addi 1, 0, 64;
    %store/vec4 v0x559b012f3090_0, 0, 64;
    %jmp T_1.5;
T_1.4 ;
    %load/vec4 v0x559b012f2b10_0;
    %cmpi/e 2, 0, 4;
    %jmp/0xz  T_1.6, 4;
    %load/vec4 v0x559b012f2ca0_0;
    %parti/s 8, 64, 8;
    %split/vec4 4;
    %store/vec4 v0x559b012f2fc0_0, 0, 4;
    %store/vec4 v0x559b012f2f00_0, 0, 4;
    %load/vec4 v0x559b012f28b0_0;
    %addi 2, 0, 64;
    %store/vec4 v0x559b012f3090_0, 0, 64;
    %jmp T_1.7;
T_1.6 ;
    %load/vec4 v0x559b012f2b10_0;
    %cmpi/e 3, 0, 4;
    %jmp/0xz  T_1.8, 4;
    %load/vec4 v0x559b012f2ca0_0;
    %parti/s 72, 0, 2;
    %split/vec4 64;
    %store/vec4 v0x559b012f3150_0, 0, 64;
    %split/vec4 4;
    %store/vec4 v0x559b012f2fc0_0, 0, 4;
    %store/vec4 v0x559b012f2f00_0, 0, 4;
    %load/vec4 v0x559b012f28b0_0;
    %addi 10, 0, 64;
    %store/vec4 v0x559b012f3090_0, 0, 64;
    %jmp T_1.9;
T_1.8 ;
    %load/vec4 v0x559b012f2b10_0;
    %cmpi/e 4, 0, 4;
    %jmp/0xz  T_1.10, 4;
    %load/vec4 v0x559b012f2ca0_0;
    %parti/s 72, 0, 2;
    %split/vec4 64;
    %store/vec4 v0x559b012f3150_0, 0, 64;
    %split/vec4 4;
    %store/vec4 v0x559b012f2fc0_0, 0, 4;
    %store/vec4 v0x559b012f2f00_0, 0, 4;
    %load/vec4 v0x559b012f28b0_0;
    %addi 10, 0, 64;
    %store/vec4 v0x559b012f3090_0, 0, 64;
    %jmp T_1.11;
T_1.10 ;
    %load/vec4 v0x559b012f2b10_0;
    %cmpi/e 5, 0, 4;
    %jmp/0xz  T_1.12, 4;
    %load/vec4 v0x559b012f2ca0_0;
    %parti/s 72, 0, 2;
    %split/vec4 64;
    %store/vec4 v0x559b012f3150_0, 0, 64;
    %split/vec4 4;
    %store/vec4 v0x559b012f2fc0_0, 0, 4;
    %store/vec4 v0x559b012f2f00_0, 0, 4;
    %load/vec4 v0x559b012f28b0_0;
    %addi 10, 0, 64;
    %store/vec4 v0x559b012f3090_0, 0, 64;
    %jmp T_1.13;
T_1.12 ;
    %load/vec4 v0x559b012f2b10_0;
    %cmpi/e 6, 0, 4;
    %jmp/0xz  T_1.14, 4;
    %load/vec4 v0x559b012f2ca0_0;
    %parti/s 8, 64, 8;
    %split/vec4 4;
    %store/vec4 v0x559b012f2fc0_0, 0, 4;
    %store/vec4 v0x559b012f2f00_0, 0, 4;
    %load/vec4 v0x559b012f28b0_0;
    %addi 2, 0, 64;
    %store/vec4 v0x559b012f3090_0, 0, 64;
    %jmp T_1.15;
T_1.14 ;
    %load/vec4 v0x559b012f2b10_0;
    %cmpi/e 7, 0, 4;
    %jmp/0xz  T_1.16, 4;
    %load/vec4 v0x559b012f2ca0_0;
    %parti/s 64, 8, 5;
    %store/vec4 v0x559b012f3150_0, 0, 64;
    %load/vec4 v0x559b012f28b0_0;
    %addi 9, 0, 64;
    %store/vec4 v0x559b012f3090_0, 0, 64;
    %jmp T_1.17;
T_1.16 ;
    %load/vec4 v0x559b012f2b10_0;
    %cmpi/e 8, 0, 4;
    %jmp/0xz  T_1.18, 4;
    %load/vec4 v0x559b012f2ca0_0;
    %parti/s 64, 8, 5;
    %store/vec4 v0x559b012f3150_0, 0, 64;
    %load/vec4 v0x559b012f28b0_0;
    %addi 9, 0, 64;
    %store/vec4 v0x559b012f3090_0, 0, 64;
    %jmp T_1.19;
T_1.18 ;
    %load/vec4 v0x559b012f2b10_0;
    %cmpi/e 9, 0, 4;
    %jmp/0xz  T_1.20, 4;
    %load/vec4 v0x559b012f28b0_0;
    %addi 1, 0, 64;
    %store/vec4 v0x559b012f3090_0, 0, 64;
    %jmp T_1.21;
T_1.20 ;
    %load/vec4 v0x559b012f2b10_0;
    %cmpi/e 10, 0, 4;
    %jmp/0xz  T_1.22, 4;
    %load/vec4 v0x559b012f2ca0_0;
    %parti/s 8, 64, 8;
    %split/vec4 4;
    %store/vec4 v0x559b012f2fc0_0, 0, 4;
    %store/vec4 v0x559b012f2f00_0, 0, 4;
    %load/vec4 v0x559b012f28b0_0;
    %addi 2, 0, 64;
    %store/vec4 v0x559b012f3090_0, 0, 64;
    %jmp T_1.23;
T_1.22 ;
    %load/vec4 v0x559b012f2b10_0;
    %cmpi/e 11, 0, 4;
    %jmp/0xz  T_1.24, 4;
    %load/vec4 v0x559b012f2ca0_0;
    %parti/s 8, 64, 8;
    %split/vec4 4;
    %store/vec4 v0x559b012f2fc0_0, 0, 4;
    %store/vec4 v0x559b012f2f00_0, 0, 4;
    %load/vec4 v0x559b012f28b0_0;
    %addi 2, 0, 64;
    %store/vec4 v0x559b012f3090_0, 0, 64;
    %jmp T_1.25;
T_1.24 ;
    %pushi/vec4 1, 0, 1;
    %store/vec4 v0x559b012f2d80_0, 0, 1;
T_1.25 ;
T_1.23 ;
T_1.21 ;
T_1.19 ;
T_1.17 ;
T_1.15 ;
T_1.13 ;
T_1.11 ;
T_1.9 ;
T_1.7 ;
T_1.5 ;
T_1.3 ;
    %jmp T_1;
    .thread T_1, $push;
    .scope S_0x559b012b16e0;
T_2 ;
    %pushi/vec4 12, 0, 64;
    %ix/load 4, 0, 0;
    %flag_set/imm 4, 0;
    %store/vec4a v0x559b012f1c50, 4, 0;
    %pushi/vec4 10, 0, 64;
    %ix/load 4, 1, 0;
    %flag_set/imm 4, 0;
    %store/vec4a v0x559b012f1c50, 4, 0;
    %pushi/vec4 101, 0, 64;
    %ix/load 4, 2, 0;
    %flag_set/imm 4, 0;
    %store/vec4a v0x559b012f1c50, 4, 0;
    %pushi/vec4 3, 0, 64;
    %ix/load 4, 3, 0;
    %flag_set/imm 4, 0;
    %store/vec4a v0x559b012f1c50, 4, 0;
    %pushi/vec4 254, 0, 64;
    %ix/load 4, 4, 0;
    %flag_set/imm 4, 0;
    %store/vec4a v0x559b012f1c50, 4, 0;
    %pushi/vec4 50, 0, 64;
    %ix/load 4, 5, 0;
    %flag_set/imm 4, 0;
    %store/vec4a v0x559b012f1c50, 4, 0;
    %pushi/vec4 4294967295, 0, 32;
    %concati/vec4 4294967153, 0, 32;
    %ix/load 4, 6, 0;
    %flag_set/imm 4, 0;
    %store/vec4a v0x559b012f1c50, 4, 0;
    %pushi/vec4 10000, 0, 64;
    %ix/load 4, 7, 0;
    %flag_set/imm 4, 0;
    %store/vec4a v0x559b012f1c50, 4, 0;
    %pushi/vec4 990000, 0, 64;
    %ix/load 4, 8, 0;
    %flag_set/imm 4, 0;
    %store/vec4a v0x559b012f1c50, 4, 0;
    %pushi/vec4 4294967295, 0, 32;
    %concati/vec4 4294954951, 0, 32;
    %ix/load 4, 9, 0;
    %flag_set/imm 4, 0;
    %store/vec4a v0x559b012f1c50, 4, 0;
    %pushi/vec4 12345, 0, 64;
    %ix/load 4, 10, 0;
    %flag_set/imm 4, 0;
    %store/vec4a v0x559b012f1c50, 4, 0;
    %pushi/vec4 10112, 0, 64;
    %ix/load 4, 11, 0;
    %flag_set/imm 4, 0;
    %store/vec4a v0x559b012f1c50, 4, 0;
    %pushi/vec4 0, 0, 64;
    %ix/load 4, 12, 0;
    %flag_set/imm 4, 0;
    %store/vec4a v0x559b012f1c50, 4, 0;
    %pushi/vec4 1567, 0, 64;
    %ix/load 4, 13, 0;
    %flag_set/imm 4, 0;
    %store/vec4a v0x559b012f1c50, 4, 0;
    %pushi/vec4 8643, 0, 64;
    %ix/load 4, 14, 0;
    %flag_set/imm 4, 0;
    %store/vec4a v0x559b012f1c50, 4, 0;
    %end;
    .thread T_2;
    .scope S_0x559b012b16e0;
T_3 ;
    %wait E_0x559b0127e9f0;
    %pushi/vec4 0, 0, 64;
    %store/vec4 v0x559b012f1ef0_0, 0, 64;
    %pushi/vec4 0, 0, 64;
    %store/vec4 v0x559b012f1fd0_0, 0, 64;
    %load/vec4 v0x559b012ce340_0;
    %cmpi/e 2, 0, 4;
    %flag_mov 8, 4;
    %load/vec4 v0x559b012ce340_0;
    %cmpi/e 3, 0, 4;
    %flag_or 4, 8;
    %jmp/0xz  T_3.0, 4;
    %pushi/vec4 0, 0, 64;
    %store/vec4 v0x559b012f1fd0_0, 0, 64;
T_3.0 ;
    %load/vec4 v0x559b012ce340_0;
    %cmpi/e 2, 0, 4;
    %flag_mov 8, 4;
    %load/vec4 v0x559b012ce340_0;
    %cmpi/e 4, 0, 4;
    %flag_or 4, 8;
    %flag_mov 8, 4;
    %load/vec4 v0x559b012ce340_0;
    %cmpi/e 6, 0, 4;
    %flag_or 4, 8;
    %flag_mov 8, 4;
    %load/vec4 v0x559b012ce340_0;
    %cmpi/e 10, 0, 4;
    %flag_or 4, 8;
    %jmp/0xz  T_3.2, 4;
    %load/vec4 v0x559b012f0d20_0;
    %pad/u 6;
    %ix/vec4 4;
    %load/vec4a v0x559b012f1c50, 4;
    %store/vec4 v0x559b012f1ef0_0, 0, 64;
T_3.2 ;
    %load/vec4 v0x559b012ce340_0;
    %cmpi/e 4, 0, 4;
    %flag_mov 8, 4;
    %load/vec4 v0x559b012ce340_0;
    %cmpi/e 5, 0, 4;
    %flag_or 4, 8;
    %flag_mov 8, 4;
    %load/vec4 v0x559b012ce340_0;
    %cmpi/e 6, 0, 4;
    %flag_or 4, 8;
    %jmp/0xz  T_3.4, 4;
    %load/vec4 v0x559b012f0e00_0;
    %pad/u 6;
    %ix/vec4 4;
    %load/vec4a v0x559b012f1c50, 4;
    %store/vec4 v0x559b012f1fd0_0, 0, 64;
T_3.4 ;
    %load/vec4 v0x559b012ce340_0;
    %cmpi/e 8, 0, 4;
    %flag_mov 8, 4;
    %load/vec4 v0x559b012ce340_0;
    %cmpi/e 9, 0, 4;
    %flag_or 4, 8;
    %flag_mov 8, 4;
    %load/vec4 v0x559b012ce340_0;
    %cmpi/e 10, 0, 4;
    %flag_or 4, 8;
    %flag_mov 8, 4;
    %load/vec4 v0x559b012ce340_0;
    %cmpi/e 11, 0, 4;
    %flag_or 4, 8;
    %jmp/0xz  T_3.6, 4;
    %ix/load 4, 4, 0;
    %flag_set/imm 4, 0;
    %load/vec4a v0x559b012f1c50, 4;
    %store/vec4 v0x559b012f1fd0_0, 0, 64;
T_3.6 ;
    %load/vec4 v0x559b012ce340_0;
    %cmpi/e 9, 0, 4;
    %flag_mov 8, 4;
    %load/vec4 v0x559b012ce340_0;
    %cmpi/e 11, 0, 4;
    %flag_or 4, 8;
    %jmp/0xz  T_3.8, 4;
    %ix/load 4, 4, 0;
    %flag_set/imm 4, 0;
    %load/vec4a v0x559b012f1c50, 4;
    %store/vec4 v0x559b012f1ef0_0, 0, 64;
T_3.8 ;
    %jmp T_3;
    .thread T_3, $push;
    .scope S_0x559b012b16e0;
T_4 ;
    %wait E_0x559b012a4920;
    %load/vec4 v0x559b012ce340_0;
    %cmpi/e 3, 0, 4;
    %flag_mov 8, 4;
    %load/vec4 v0x559b012ce340_0;
    %cmpi/e 6, 0, 4;
    %flag_or 4, 8;
    %jmp/0xz  T_4.0, 4;
    %load/vec4 v0x559b012f20b0_0;
    %load/vec4 v0x559b012f0e00_0;
    %pad/u 6;
    %ix/vec4 4;
    %store/vec4a v0x559b012f1c50, 4, 0;
T_4.0 ;
    %load/vec4 v0x559b012ce340_0;
    %cmpi/e 5, 0, 4;
    %flag_mov 8, 4;
    %load/vec4 v0x559b012ce340_0;
    %cmpi/e 11, 0, 4;
    %flag_or 4, 8;
    %jmp/0xz  T_4.2, 4;
    %load/vec4 v0x559b012f2190_0;
    %load/vec4 v0x559b012f0d20_0;
    %pad/u 6;
    %ix/vec4 4;
    %store/vec4a v0x559b012f1c50, 4, 0;
T_4.2 ;
    %load/vec4 v0x559b012ce340_0;
    %cmpi/e 8, 0, 4;
    %flag_mov 8, 4;
    %load/vec4 v0x559b012ce340_0;
    %cmpi/e 9, 0, 4;
    %flag_or 4, 8;
    %flag_mov 8, 4;
    %load/vec4 v0x559b012ce340_0;
    %cmpi/e 10, 0, 4;
    %flag_or 4, 8;
    %flag_mov 8, 4;
    %load/vec4 v0x559b012ce340_0;
    %cmpi/e 11, 0, 4;
    %flag_or 4, 8;
    %jmp/0xz  T_4.4, 4;
    %load/vec4 v0x559b012f20b0_0;
    %ix/load 4, 4, 0;
    %flag_set/imm 4, 0;
    %store/vec4a v0x559b012f1c50, 4, 0;
T_4.4 ;
    %load/vec4 v0x559b012ce340_0;
    %cmpi/e 2, 0, 4;
    %jmp/0xz  T_4.6, 4;
    %load/vec4 v0x559b012ce2a0_0;
    %flag_set/vec4 8;
    %jmp/0xz  T_4.8, 8;
    %load/vec4 v0x559b012f20b0_0;
    %load/vec4 v0x559b012f0e00_0;
    %pad/u 6;
    %ix/vec4 4;
    %store/vec4a v0x559b012f1c50, 4, 0;
T_4.8 ;
T_4.6 ;
    %ix/load 4, 0, 0;
    %flag_set/imm 4, 0;
    %load/vec4a v0x559b012f1c50, 4;
    %assign/vec4 v0x559b012f0f30_0, 0;
    %ix/load 4, 1, 0;
    %flag_set/imm 4, 0;
    %load/vec4a v0x559b012f1c50, 4;
    %assign/vec4 v0x559b012f1010_0, 0;
    %ix/load 4, 2, 0;
    %flag_set/imm 4, 0;
    %load/vec4a v0x559b012f1c50, 4;
    %assign/vec4 v0x559b012f1550_0, 0;
    %ix/load 4, 3, 0;
    %flag_set/imm 4, 0;
    %load/vec4a v0x559b012f1c50, 4;
    %assign/vec4 v0x559b012f1630_0, 0;
    %ix/load 4, 4, 0;
    %flag_set/imm 4, 0;
    %load/vec4a v0x559b012f1c50, 4;
    %assign/vec4 v0x559b012f1710_0, 0;
    %ix/load 4, 5, 0;
    %flag_set/imm 4, 0;
    %load/vec4a v0x559b012f1c50, 4;
    %assign/vec4 v0x559b012f17f0_0, 0;
    %ix/load 4, 6, 0;
    %flag_set/imm 4, 0;
    %load/vec4a v0x559b012f1c50, 4;
    %assign/vec4 v0x559b012f18d0_0, 0;
    %ix/load 4, 7, 0;
    %flag_set/imm 4, 0;
    %load/vec4a v0x559b012f1c50, 4;
    %assign/vec4 v0x559b012f19b0_0, 0;
    %ix/load 4, 8, 0;
    %flag_set/imm 4, 0;
    %load/vec4a v0x559b012f1c50, 4;
    %assign/vec4 v0x559b012f1a90_0, 0;
    %ix/load 4, 9, 0;
    %flag_set/imm 4, 0;
    %load/vec4a v0x559b012f1c50, 4;
    %assign/vec4 v0x559b012f1b70_0, 0;
    %ix/load 4, 10, 0;
    %flag_set/imm 4, 0;
    %load/vec4a v0x559b012f1c50, 4;
    %assign/vec4 v0x559b012f10f0_0, 0;
    %ix/load 4, 11, 0;
    %flag_set/imm 4, 0;
    %load/vec4a v0x559b012f1c50, 4;
    %assign/vec4 v0x559b012f11d0_0, 0;
    %ix/load 4, 12, 0;
    %flag_set/imm 4, 0;
    %load/vec4a v0x559b012f1c50, 4;
    %assign/vec4 v0x559b012f12b0_0, 0;
    %ix/load 4, 13, 0;
    %flag_set/imm 4, 0;
    %load/vec4a v0x559b012f1c50, 4;
    %assign/vec4 v0x559b012f1390_0, 0;
    %ix/load 4, 14, 0;
    %flag_set/imm 4, 0;
    %load/vec4a v0x559b012f1c50, 4;
    %assign/vec4 v0x559b012f1470_0, 0;
    %jmp T_4;
    .thread T_4;
    .scope S_0x559b012b1520;
T_5 ;
    %wait E_0x559b012a46b0;
    %ix/getv 4, v0x559b012f33b0_0;
    %load/vec4a v0x559b012f3980, 4;
    %load/vec4 v0x559b012f33b0_0;
    %pad/u 65;
    %addi 1, 0, 65;
    %ix/vec4 4;
    %load/vec4a v0x559b012f3980, 4;
    %concat/vec4; draw_concat_vec4
    %load/vec4 v0x559b012f33b0_0;
    %pad/u 65;
    %addi 2, 0, 65;
    %ix/vec4 4;
    %load/vec4a v0x559b012f3980, 4;
    %concat/vec4; draw_concat_vec4
    %load/vec4 v0x559b012f33b0_0;
    %pad/u 65;
    %addi 3, 0, 65;
    %ix/vec4 4;
    %load/vec4a v0x559b012f3980, 4;
    %concat/vec4; draw_concat_vec4
    %load/vec4 v0x559b012f33b0_0;
    %pad/u 65;
    %addi 4, 0, 65;
    %ix/vec4 4;
    %load/vec4a v0x559b012f3980, 4;
    %concat/vec4; draw_concat_vec4
    %load/vec4 v0x559b012f33b0_0;
    %pad/u 65;
    %addi 5, 0, 65;
    %ix/vec4 4;
    %load/vec4a v0x559b012f3980, 4;
    %concat/vec4; draw_concat_vec4
    %load/vec4 v0x559b012f33b0_0;
    %pad/u 65;
    %addi 6, 0, 65;
    %ix/vec4 4;
    %load/vec4a v0x559b012f3980, 4;
    %concat/vec4; draw_concat_vec4
    %load/vec4 v0x559b012f33b0_0;
    %pad/u 65;
    %addi 7, 0, 65;
    %ix/vec4 4;
    %load/vec4a v0x559b012f3980, 4;
    %concat/vec4; draw_concat_vec4
    %load/vec4 v0x559b012f33b0_0;
    %pad/u 65;
    %addi 8, 0, 65;
    %ix/vec4 4;
    %load/vec4a v0x559b012f3980, 4;
    %concat/vec4; draw_concat_vec4
    %load/vec4 v0x559b012f33b0_0;
    %pad/u 65;
    %addi 9, 0, 65;
    %ix/vec4 4;
    %load/vec4a v0x559b012f3980, 4;
    %concat/vec4; draw_concat_vec4
    %store/vec4 v0x559b012f38e0_0, 0, 80;
    %jmp T_5;
    .thread T_5, $push;
    .scope S_0x559b012b1520;
T_6 ;
    %wait E_0x559b012a3ff0;
    %load/vec4 v0x559b012f3630_0;
    %pad/u 32;
    %cmpi/e 1, 0, 32;
    %jmp/0xz  T_6.0, 4;
    %vpi_call 2 41 "$finish" {0 0 0};
T_6.0 ;
    %jmp T_6;
    .thread T_6, $push;
    .scope S_0x559b012b1520;
T_7 ;
    %wait E_0x559b012a3e90;
    %load/vec4 v0x559b012f3b80_0;
    %pad/u 32;
    %cmpi/e 1, 0, 32;
    %jmp/0xz  T_7.0, 4;
    %vpi_call 2 46 "$display", "memory full...so halting the program\012" {0 0 0};
    %vpi_call 2 47 "$finish" {0 0 0};
T_7.0 ;
    %jmp T_7;
    .thread T_7, $push;
    .scope S_0x559b012b1520;
T_8 ;
    %wait E_0x559b012a43c0;
    %load/vec4 v0x559b012f3a20_0;
    %pad/u 32;
    %cmpi/e 1, 0, 32;
    %jmp/0xz  T_8.0, 4;
    %load/vec4 v0x559b012f33b0_0;
    %addi 1, 0, 64;
    %vpi_call 2 52 "$display", "warning you have given an invald instruction so we will move to the next instruction now automatically pc is updated\012now PC = %d", S<0,vec4,u64>, "\012" {1 0 0};
    %load/vec4 v0x559b012f33b0_0;
    %addi 1, 0, 64;
    %store/vec4 v0x559b012f33b0_0, 0, 64;
T_8.0 ;
    %jmp T_8;
    .thread T_8, $push;
    .scope S_0x559b012b1520;
T_9 ;
    %delay 10, 0;
    %load/vec4 v0x559b012f34c0_0;
    %inv;
    %store/vec4 v0x559b012f34c0_0, 0, 1;
    %jmp T_9;
    .thread T_9;
    .scope S_0x559b012b1520;
T_10 ;
    %wait E_0x559b012a4920;
    %load/vec4 v0x559b012f4e00_0;
    %assign/vec4 v0x559b012f33b0_0, 0;
    %jmp T_10;
    .thread T_10;
    .scope S_0x559b012b1520;
T_11 ;
    %vpi_call 2 60 "$dumpfile", "decode_tb.vcd" {0 0 0};
    %vpi_call 2 61 "$dumpvars", 32'sb00000000000000000000000000000000, S_0x559b012b1520 {0 0 0};
    %pushi/vec4 0, 0, 1;
    %store/vec4 v0x559b012f34c0_0, 0, 1;
    %pushi/vec4 19, 0, 64;
    %store/vec4 v0x559b012f33b0_0, 0, 64;
    %end;
    .thread T_11;
    .scope S_0x559b012b1520;
T_12 ;
    %wait E_0x559b012a4920;
    %vpi_call 2 67 "$display", "clk=%d icode=%h ifun=%h rA=%d rB=%d,valc=%d,valP=%d,valA = %d and valB = %d\012", v0x559b012f34c0_0, v0x559b012f3700_0, v0x559b012f3840_0, v0x559b012f3c50_0, v0x559b012f3cf0_0, v0x559b012f4ed0_0, v0x559b012f4e00_0, v0x559b012f4ac0_0, v0x559b012f4b90_0 {0 0 0};
    %jmp T_12;
    .thread T_12;
    .scope S_0x559b012b1520;
T_13 ;
    %pushi/vec4 16, 0, 8;
    %ix/load 4, 19, 0;
    %flag_set/imm 4, 0;
    %store/vec4a v0x559b012f3980, 4, 0;
    %pushi/vec4 32, 0, 8;
    %ix/load 4, 20, 0;
    %flag_set/imm 4, 0;
    %store/vec4a v0x559b012f3980, 4, 0;
    %pushi/vec4 1, 0, 8;
    %ix/load 4, 21, 0;
    %flag_set/imm 4, 0;
    %store/vec4a v0x559b012f3980, 4, 0;
    %pushi/vec4 96, 0, 8;
    %ix/load 4, 22, 0;
    %flag_set/imm 4, 0;
    %store/vec4a v0x559b012f3980, 4, 0;
    %pushi/vec4 35, 0, 8;
    %ix/load 4, 23, 0;
    %flag_set/imm 4, 0;
    %store/vec4a v0x559b012f3980, 4, 0;
    %pushi/vec4 128, 0, 8;
    %ix/load 4, 24, 0;
    %flag_set/imm 4, 0;
    %store/vec4a v0x559b012f3980, 4, 0;
    %pushi/vec4 0, 0, 8;
    %ix/load 4, 25, 0;
    %flag_set/imm 4, 0;
    %store/vec4a v0x559b012f3980, 4, 0;
    %pushi/vec4 0, 0, 8;
    %ix/load 4, 26, 0;
    %flag_set/imm 4, 0;
    %store/vec4a v0x559b012f3980, 4, 0;
    %pushi/vec4 0, 0, 8;
    %ix/load 4, 27, 0;
    %flag_set/imm 4, 0;
    %store/vec4a v0x559b012f3980, 4, 0;
    %pushi/vec4 16, 0, 8;
    %ix/load 4, 28, 0;
    %flag_set/imm 4, 0;
    %store/vec4a v0x559b012f3980, 4, 0;
    %pushi/vec4 0, 0, 8;
    %ix/load 4, 29, 0;
    %flag_set/imm 4, 0;
    %store/vec4a v0x559b012f3980, 4, 0;
    %pushi/vec4 0, 0, 8;
    %ix/load 4, 30, 0;
    %flag_set/imm 4, 0;
    %store/vec4a v0x559b012f3980, 4, 0;
    %pushi/vec4 0, 0, 8;
    %ix/load 4, 31, 0;
    %flag_set/imm 4, 0;
    %store/vec4a v0x559b012f3980, 4, 0;
    %pushi/vec4 1, 0, 8;
    %ix/load 4, 32, 0;
    %flag_set/imm 4, 0;
    %store/vec4a v0x559b012f3980, 4, 0;
    %pushi/vec4 96, 0, 8;
    %ix/load 4, 33, 0;
    %flag_set/imm 4, 0;
    %store/vec4a v0x559b012f3980, 4, 0;
    %pushi/vec4 154, 0, 8;
    %ix/load 4, 34, 0;
    %flag_set/imm 4, 0;
    %store/vec4a v0x559b012f3980, 4, 0;
    %pushi/vec4 96, 0, 8;
    %ix/load 4, 35, 0;
    %flag_set/imm 4, 0;
    %store/vec4a v0x559b012f3980, 4, 0;
    %pushi/vec4 86, 0, 8;
    %ix/load 4, 36, 0;
    %flag_set/imm 4, 0;
    %store/vec4a v0x559b012f3980, 4, 0;
    %pushi/vec4 128, 0, 8;
    %ix/load 4, 37, 0;
    %flag_set/imm 4, 0;
    %store/vec4a v0x559b012f3980, 4, 0;
    %pushi/vec4 0, 0, 8;
    %ix/load 4, 38, 0;
    %flag_set/imm 4, 0;
    %store/vec4a v0x559b012f3980, 4, 0;
    %pushi/vec4 0, 0, 8;
    %ix/load 4, 39, 0;
    %flag_set/imm 4, 0;
    %store/vec4a v0x559b012f3980, 4, 0;
    %pushi/vec4 0, 0, 8;
    %ix/load 4, 40, 0;
    %flag_set/imm 4, 0;
    %store/vec4a v0x559b012f3980, 4, 0;
    %pushi/vec4 16, 0, 8;
    %ix/load 4, 41, 0;
    %flag_set/imm 4, 0;
    %store/vec4a v0x559b012f3980, 4, 0;
    %pushi/vec4 0, 0, 8;
    %ix/load 4, 42, 0;
    %flag_set/imm 4, 0;
    %store/vec4a v0x559b012f3980, 4, 0;
    %pushi/vec4 0, 0, 8;
    %ix/load 4, 43, 0;
    %flag_set/imm 4, 0;
    %store/vec4a v0x559b012f3980, 4, 0;
    %pushi/vec4 17, 0, 8;
    %ix/load 4, 44, 0;
    %flag_set/imm 4, 0;
    %store/vec4a v0x559b012f3980, 4, 0;
    %pushi/vec4 1, 0, 8;
    %ix/load 4, 45, 0;
    %flag_set/imm 4, 0;
    %store/vec4a v0x559b012f3980, 4, 0;
    %pushi/vec4 0, 0, 8;
    %ix/load 4, 46, 0;
    %flag_set/imm 4, 0;
    %store/vec4a v0x559b012f3980, 4, 0;
    %end;
    .thread T_13;
# The file index is used to find the file name in the following table.
:file_names 5;
    "N/A";
    "<interactive>";
    "decode_tb.v";
    "./decode_writeback.v";
    "./fetch.v";
