#! /usr/bin/vvp
:ivl_version "11.0 (stable)";
:ivl_delay_selection "TYPICAL";
:vpi_time_precision + 0;
:vpi_module "/usr/lib/x86_64-linux-gnu/ivl/system.vpi";
:vpi_module "/usr/lib/x86_64-linux-gnu/ivl/vhdl_sys.vpi";
:vpi_module "/usr/lib/x86_64-linux-gnu/ivl/vhdl_textio.vpi";
:vpi_module "/usr/lib/x86_64-linux-gnu/ivl/v2005_math.vpi";
:vpi_module "/usr/lib/x86_64-linux-gnu/ivl/va_math.vpi";
S_0x557b47edbcf0 .scope module, "fetch" "fetch" 2 1;
 .timescale 0 0;
    .port_info 0 /INPUT 1 "clk";
    .port_info 1 /OUTPUT 4 "icode";
    .port_info 2 /OUTPUT 4 "ifun";
    .port_info 3 /OUTPUT 4 "rA";
    .port_info 4 /OUTPUT 4 "rB";
    .port_info 5 /OUTPUT 64 "valc";
    .port_info 6 /OUTPUT 64 "valP";
    .port_info 7 /INPUT 64 "PC";
    .port_info 8 /OUTPUT 1 "invalid_instr";
    .port_info 9 /OUTPUT 1 "mem_error";
    .port_info 10 /OUTPUT 1 "halt";
    .port_info 11 /INPUT 80 "instr";
o0x7f94e4288018 .functor BUFZ 64, C4<zzzzzzzzzzzzzzzzzzzzzzzzzzzzzzzzzzzzzzzzzzzzzzzzzzzzzzzzzzzzzzzz>; HiZ drive
v0x557b47edd7b0_0 .net "PC", 63 0, o0x7f94e4288018;  0 drivers
o0x7f94e4288048 .functor BUFZ 1, C4<z>; HiZ drive
v0x557b47eddba0_0 .net "clk", 0 0, o0x7f94e4288048;  0 drivers
v0x557b47f33bc0_0 .var "halt", 0 0;
v0x557b47f33c60_0 .var "icode", 3 0;
v0x557b47f33d40_0 .var "ifun", 3 0;
o0x7f94e4288108 .functor BUFZ 80, C4<zzzzzzzzzzzzzzzzzzzzzzzzzzzzzzzzzzzzzzzzzzzzzzzzzzzzzzzzzzzzzzzzzzzzzzzzzzzzzzzz>; HiZ drive
v0x557b47f33e70_0 .net "instr", 0 79, o0x7f94e4288108;  0 drivers
v0x557b47f33f50_0 .var "invalid_instr", 0 0;
v0x557b47f34010_0 .var "mem_error", 0 0;
v0x557b47f340d0_0 .var "rA", 3 0;
v0x557b47f341b0_0 .var "rB", 3 0;
v0x557b47f34290_0 .var "valP", 63 0;
v0x557b47f34370_0 .var/s "valc", 63 0;
E_0x557b47f161c0 .event edge, v0x557b47edd7b0_0, v0x557b47f33e70_0, v0x557b47f33c60_0;
    .scope S_0x557b47edbcf0;
T_0 ;
    %pushi/vec4 0, 0, 1;
    %store/vec4 v0x557b47f33f50_0, 0, 1;
    %pushi/vec4 0, 0, 1;
    %store/vec4 v0x557b47f34010_0, 0, 1;
    %pushi/vec4 0, 0, 1;
    %store/vec4 v0x557b47f33bc0_0, 0, 1;
    %end;
    .thread T_0;
    .scope S_0x557b47edbcf0;
T_1 ;
    %wait E_0x557b47f161c0;
    %load/vec4 v0x557b47edd7b0_0;
    %cmpi/u 255, 0, 64;
    %flag_or 5, 4; GT is !LE
    %flag_inv 5;
    %jmp/0xz  T_1.0, 5;
    %pushi/vec4 1, 0, 1;
    %store/vec4 v0x557b47f34010_0, 0, 1;
    %vpi_call 2 16 "$finish" {0 0 0};
T_1.0 ;
    %load/vec4 v0x557b47f33e70_0;
    %parti/s 8, 72, 8;
    %split/vec4 4;
    %store/vec4 v0x557b47f33d40_0, 0, 4;
    %store/vec4 v0x557b47f33c60_0, 0, 4;
    %load/vec4 v0x557b47f33c60_0;
    %cmpi/e 0, 0, 4;
    %jmp/0xz  T_1.2, 4;
    %pushi/vec4 1, 0, 1;
    %store/vec4 v0x557b47f33bc0_0, 0, 1;
    %load/vec4 v0x557b47edd7b0_0;
    %addi 1, 0, 64;
    %store/vec4 v0x557b47f34290_0, 0, 64;
    %jmp T_1.3;
T_1.2 ;
    %load/vec4 v0x557b47f33c60_0;
    %cmpi/e 1, 0, 4;
    %jmp/0xz  T_1.4, 4;
    %load/vec4 v0x557b47edd7b0_0;
    %addi 1, 0, 64;
    %store/vec4 v0x557b47f34290_0, 0, 64;
    %jmp T_1.5;
T_1.4 ;
    %load/vec4 v0x557b47f33c60_0;
    %cmpi/e 2, 0, 4;
    %jmp/0xz  T_1.6, 4;
    %load/vec4 v0x557b47f33e70_0;
    %parti/s 8, 64, 8;
    %split/vec4 4;
    %store/vec4 v0x557b47f341b0_0, 0, 4;
    %store/vec4 v0x557b47f340d0_0, 0, 4;
    %load/vec4 v0x557b47edd7b0_0;
    %addi 2, 0, 64;
    %store/vec4 v0x557b47f34290_0, 0, 64;
    %jmp T_1.7;
T_1.6 ;
    %load/vec4 v0x557b47f33c60_0;
    %cmpi/e 3, 0, 4;
    %jmp/0xz  T_1.8, 4;
    %load/vec4 v0x557b47f33e70_0;
    %parti/s 72, 0, 2;
    %split/vec4 64;
    %store/vec4 v0x557b47f34370_0, 0, 64;
    %split/vec4 4;
    %store/vec4 v0x557b47f341b0_0, 0, 4;
    %store/vec4 v0x557b47f340d0_0, 0, 4;
    %load/vec4 v0x557b47edd7b0_0;
    %addi 10, 0, 64;
    %store/vec4 v0x557b47f34290_0, 0, 64;
    %jmp T_1.9;
T_1.8 ;
    %load/vec4 v0x557b47f33c60_0;
    %cmpi/e 4, 0, 4;
    %jmp/0xz  T_1.10, 4;
    %load/vec4 v0x557b47f33e70_0;
    %parti/s 72, 0, 2;
    %split/vec4 64;
    %store/vec4 v0x557b47f34370_0, 0, 64;
    %split/vec4 4;
    %store/vec4 v0x557b47f341b0_0, 0, 4;
    %store/vec4 v0x557b47f340d0_0, 0, 4;
    %load/vec4 v0x557b47edd7b0_0;
    %addi 10, 0, 64;
    %store/vec4 v0x557b47f34290_0, 0, 64;
    %jmp T_1.11;
T_1.10 ;
    %load/vec4 v0x557b47f33c60_0;
    %cmpi/e 5, 0, 4;
    %jmp/0xz  T_1.12, 4;
    %load/vec4 v0x557b47f33e70_0;
    %parti/s 72, 0, 2;
    %split/vec4 64;
    %store/vec4 v0x557b47f34370_0, 0, 64;
    %split/vec4 4;
    %store/vec4 v0x557b47f341b0_0, 0, 4;
    %store/vec4 v0x557b47f340d0_0, 0, 4;
    %load/vec4 v0x557b47edd7b0_0;
    %addi 10, 0, 64;
    %store/vec4 v0x557b47f34290_0, 0, 64;
    %jmp T_1.13;
T_1.12 ;
    %load/vec4 v0x557b47f33c60_0;
    %cmpi/e 6, 0, 4;
    %jmp/0xz  T_1.14, 4;
    %load/vec4 v0x557b47f33e70_0;
    %parti/s 8, 64, 8;
    %split/vec4 4;
    %store/vec4 v0x557b47f341b0_0, 0, 4;
    %store/vec4 v0x557b47f340d0_0, 0, 4;
    %load/vec4 v0x557b47edd7b0_0;
    %addi 2, 0, 64;
    %store/vec4 v0x557b47f34290_0, 0, 64;
    %jmp T_1.15;
T_1.14 ;
    %load/vec4 v0x557b47f33c60_0;
    %cmpi/e 7, 0, 4;
    %jmp/0xz  T_1.16, 4;
    %load/vec4 v0x557b47f33e70_0;
    %parti/s 64, 8, 5;
    %store/vec4 v0x557b47f34370_0, 0, 64;
    %load/vec4 v0x557b47edd7b0_0;
    %addi 9, 0, 64;
    %store/vec4 v0x557b47f34290_0, 0, 64;
    %jmp T_1.17;
T_1.16 ;
    %load/vec4 v0x557b47f33c60_0;
    %cmpi/e 8, 0, 4;
    %jmp/0xz  T_1.18, 4;
    %load/vec4 v0x557b47f33e70_0;
    %parti/s 64, 8, 5;
    %store/vec4 v0x557b47f34370_0, 0, 64;
    %load/vec4 v0x557b47edd7b0_0;
    %addi 9, 0, 64;
    %store/vec4 v0x557b47f34290_0, 0, 64;
    %jmp T_1.19;
T_1.18 ;
    %load/vec4 v0x557b47f33c60_0;
    %cmpi/e 9, 0, 4;
    %jmp/0xz  T_1.20, 4;
    %load/vec4 v0x557b47edd7b0_0;
    %addi 1, 0, 64;
    %store/vec4 v0x557b47f34290_0, 0, 64;
    %jmp T_1.21;
T_1.20 ;
    %load/vec4 v0x557b47f33c60_0;
    %cmpi/e 10, 0, 4;
    %jmp/0xz  T_1.22, 4;
    %load/vec4 v0x557b47f33e70_0;
    %parti/s 8, 64, 8;
    %split/vec4 4;
    %store/vec4 v0x557b47f341b0_0, 0, 4;
    %store/vec4 v0x557b47f340d0_0, 0, 4;
    %load/vec4 v0x557b47edd7b0_0;
    %addi 2, 0, 64;
    %store/vec4 v0x557b47f34290_0, 0, 64;
    %jmp T_1.23;
T_1.22 ;
    %load/vec4 v0x557b47f33c60_0;
    %cmpi/e 11, 0, 4;
    %jmp/0xz  T_1.24, 4;
    %load/vec4 v0x557b47f33e70_0;
    %parti/s 8, 64, 8;
    %split/vec4 4;
    %store/vec4 v0x557b47f341b0_0, 0, 4;
    %store/vec4 v0x557b47f340d0_0, 0, 4;
    %load/vec4 v0x557b47edd7b0_0;
    %addi 2, 0, 64;
    %store/vec4 v0x557b47f34290_0, 0, 64;
    %jmp T_1.25;
T_1.24 ;
    %pushi/vec4 1, 0, 1;
    %store/vec4 v0x557b47f33f50_0, 0, 1;
T_1.25 ;
T_1.23 ;
T_1.21 ;
T_1.19 ;
T_1.17 ;
T_1.15 ;
T_1.13 ;
T_1.11 ;
T_1.9 ;
T_1.7 ;
T_1.5 ;
T_1.3 ;
    %jmp T_1;
    .thread T_1, $push;
# The file index is used to find the file name in the following table.
:file_names 3;
    "N/A";
    "<interactive>";
    "fetch.v";
