#! /usr/bin/vvp
:ivl_version "11.0 (stable)";
:ivl_delay_selection "TYPICAL";
:vpi_time_precision + 0;
:vpi_module "/usr/lib/x86_64-linux-gnu/ivl/system.vpi";
:vpi_module "/usr/lib/x86_64-linux-gnu/ivl/vhdl_sys.vpi";
:vpi_module "/usr/lib/x86_64-linux-gnu/ivl/vhdl_textio.vpi";
:vpi_module "/usr/lib/x86_64-linux-gnu/ivl/v2005_math.vpi";
:vpi_module "/usr/lib/x86_64-linux-gnu/ivl/va_math.vpi";
S_0x558b2db40f00 .scope module, "decode_tb" "decode_tb" 2 3;
 .timescale 0 0;
v0x558b2db75360_0 .var "clk", 0 0;
v0x558b2db75420_0 .var "cnd", 0 0;
v0x558b2db754c0_0 .var "icode", 3 0;
v0x558b2db75560_0 .var "ifun", 3 0;
v0x558b2db75600_0 .var "rA", 3 0;
v0x558b2db756a0_0 .var "rB", 3 0;
v0x558b2db75740_0 .net/s "reg_f0", 63 0, v0x558b2db73d20_0;  1 drivers
v0x558b2db75810_0 .net/s "reg_f1", 63 0, v0x558b2db73e00_0;  1 drivers
v0x558b2db758e0_0 .net/s "reg_f10", 63 0, v0x558b2db73ee0_0;  1 drivers
v0x558b2db759b0_0 .net/s "reg_f11", 63 0, v0x558b2db73fc0_0;  1 drivers
v0x558b2db75a80_0 .net/s "reg_f12", 63 0, v0x558b2db740a0_0;  1 drivers
v0x558b2db75b50_0 .net/s "reg_f13", 63 0, v0x558b2db74180_0;  1 drivers
v0x558b2db75c20_0 .net/s "reg_f14", 63 0, v0x558b2db74260_0;  1 drivers
v0x558b2db75cf0_0 .net/s "reg_f2", 63 0, v0x558b2db74340_0;  1 drivers
v0x558b2db75dc0_0 .net/s "reg_f3", 63 0, v0x558b2db74420_0;  1 drivers
v0x558b2db75e90_0 .net/s "reg_f4", 63 0, v0x558b2db74500_0;  1 drivers
v0x558b2db75f60_0 .net/s "reg_f5", 63 0, v0x558b2db745e0_0;  1 drivers
v0x558b2db76140_0 .net/s "reg_f6", 63 0, v0x558b2db746c0_0;  1 drivers
v0x558b2db76210_0 .net/s "reg_f7", 63 0, v0x558b2db747a0_0;  1 drivers
v0x558b2db762e0_0 .net/s "reg_f8", 63 0, v0x558b2db74880_0;  1 drivers
v0x558b2db763b0_0 .net/s "reg_f9", 63 0, v0x558b2db74960_0;  1 drivers
v0x558b2db76480_0 .net/s "valA", 63 0, v0x558b2db74ce0_0;  1 drivers
v0x558b2db76550_0 .net/s "valB", 63 0, v0x558b2db74dc0_0;  1 drivers
o0x7fb31717f708 .functor BUFZ 64, C4<zzzzzzzzzzzzzzzzzzzzzzzzzzzzzzzzzzzzzzzzzzzzzzzzzzzzzzzzzzzzzzzz>; HiZ drive
v0x558b2db76620_0 .net/s "valE", 63 0, o0x7fb31717f708;  0 drivers
o0x7fb31717f738 .functor BUFZ 64, C4<zzzzzzzzzzzzzzzzzzzzzzzzzzzzzzzzzzzzzzzzzzzzzzzzzzzzzzzzzzzzzzzz>; HiZ drive
v0x558b2db766f0_0 .net/s "valM", 63 0, o0x7fb31717f738;  0 drivers
S_0x558b2daeacf0 .scope module, "decode_call" "decode" 2 17, 3 5 0, S_0x558b2db40f00;
 .timescale 0 0;
    .port_info 0 /INPUT 1 "clk";
    .port_info 1 /INPUT 4 "icode";
    .port_info 2 /INPUT 4 "rA";
    .port_info 3 /INPUT 4 "rB";
    .port_info 4 /OUTPUT 64 "reg_f0";
    .port_info 5 /OUTPUT 64 "reg_f1";
    .port_info 6 /OUTPUT 64 "reg_f2";
    .port_info 7 /OUTPUT 64 "reg_f3";
    .port_info 8 /OUTPUT 64 "reg_f4";
    .port_info 9 /OUTPUT 64 "reg_f5";
    .port_info 10 /OUTPUT 64 "reg_f6";
    .port_info 11 /OUTPUT 64 "reg_f7";
    .port_info 12 /OUTPUT 64 "reg_f8";
    .port_info 13 /OUTPUT 64 "reg_f9";
    .port_info 14 /OUTPUT 64 "reg_f10";
    .port_info 15 /OUTPUT 64 "reg_f11";
    .port_info 16 /OUTPUT 64 "reg_f12";
    .port_info 17 /OUTPUT 64 "reg_f13";
    .port_info 18 /OUTPUT 64 "reg_f14";
    .port_info 19 /OUTPUT 64 "valA";
    .port_info 20 /OUTPUT 64 "valB";
    .port_info 21 /INPUT 1 "cnd";
    .port_info 22 /INPUT 64 "valM";
    .port_info 23 /INPUT 64 "valE";
v0x558b2db55b20_0 .net "clk", 0 0, v0x558b2db75360_0;  1 drivers
v0x558b2db73990_0 .net "cnd", 0 0, v0x558b2db75420_0;  1 drivers
v0x558b2db73a50_0 .net "icode", 3 0, v0x558b2db754c0_0;  1 drivers
v0x558b2db73b10_0 .net "rA", 3 0, v0x558b2db75600_0;  1 drivers
v0x558b2db73bf0_0 .net "rB", 3 0, v0x558b2db756a0_0;  1 drivers
v0x558b2db73d20_0 .var/s "reg_f0", 63 0;
v0x558b2db73e00_0 .var/s "reg_f1", 63 0;
v0x558b2db73ee0_0 .var/s "reg_f10", 63 0;
v0x558b2db73fc0_0 .var/s "reg_f11", 63 0;
v0x558b2db740a0_0 .var/s "reg_f12", 63 0;
v0x558b2db74180_0 .var/s "reg_f13", 63 0;
v0x558b2db74260_0 .var/s "reg_f14", 63 0;
v0x558b2db74340_0 .var/s "reg_f2", 63 0;
v0x558b2db74420_0 .var/s "reg_f3", 63 0;
v0x558b2db74500_0 .var/s "reg_f4", 63 0;
v0x558b2db745e0_0 .var/s "reg_f5", 63 0;
v0x558b2db746c0_0 .var/s "reg_f6", 63 0;
v0x558b2db747a0_0 .var/s "reg_f7", 63 0;
v0x558b2db74880_0 .var/s "reg_f8", 63 0;
v0x558b2db74960_0 .var/s "reg_f9", 63 0;
v0x558b2db74a40 .array/s "temp_memory", 14 0, 63 0;
v0x558b2db74ce0_0 .var/s "valA", 63 0;
v0x558b2db74dc0_0 .var/s "valB", 63 0;
v0x558b2db74ea0_0 .net "valE", 63 0, o0x7fb31717f708;  alias, 0 drivers
v0x558b2db74f80_0 .net "valM", 63 0, o0x7fb31717f738;  alias, 0 drivers
E_0x558b2db33ff0 .event posedge, v0x558b2db55b20_0;
v0x558b2db74a40_0 .array/port v0x558b2db74a40, 0;
v0x558b2db74a40_1 .array/port v0x558b2db74a40, 1;
E_0x558b2db346b0/0 .event edge, v0x558b2db73a50_0, v0x558b2db73b10_0, v0x558b2db74a40_0, v0x558b2db74a40_1;
v0x558b2db74a40_2 .array/port v0x558b2db74a40, 2;
v0x558b2db74a40_3 .array/port v0x558b2db74a40, 3;
v0x558b2db74a40_4 .array/port v0x558b2db74a40, 4;
v0x558b2db74a40_5 .array/port v0x558b2db74a40, 5;
E_0x558b2db346b0/1 .event edge, v0x558b2db74a40_2, v0x558b2db74a40_3, v0x558b2db74a40_4, v0x558b2db74a40_5;
v0x558b2db74a40_6 .array/port v0x558b2db74a40, 6;
v0x558b2db74a40_7 .array/port v0x558b2db74a40, 7;
v0x558b2db74a40_8 .array/port v0x558b2db74a40, 8;
v0x558b2db74a40_9 .array/port v0x558b2db74a40, 9;
E_0x558b2db346b0/2 .event edge, v0x558b2db74a40_6, v0x558b2db74a40_7, v0x558b2db74a40_8, v0x558b2db74a40_9;
v0x558b2db74a40_10 .array/port v0x558b2db74a40, 10;
v0x558b2db74a40_11 .array/port v0x558b2db74a40, 11;
v0x558b2db74a40_12 .array/port v0x558b2db74a40, 12;
v0x558b2db74a40_13 .array/port v0x558b2db74a40, 13;
E_0x558b2db346b0/3 .event edge, v0x558b2db74a40_10, v0x558b2db74a40_11, v0x558b2db74a40_12, v0x558b2db74a40_13;
v0x558b2db74a40_14 .array/port v0x558b2db74a40, 14;
E_0x558b2db346b0/4 .event edge, v0x558b2db74a40_14, v0x558b2db73bf0_0;
E_0x558b2db346b0 .event/or E_0x558b2db346b0/0, E_0x558b2db346b0/1, E_0x558b2db346b0/2, E_0x558b2db346b0/3, E_0x558b2db346b0/4;
S_0x558b2db41090 .scope module, "fetch" "fetch" 4 1;
 .timescale 0 0;
    .port_info 0 /INPUT 1 "clk";
    .port_info 1 /OUTPUT 4 "icode";
    .port_info 2 /OUTPUT 4 "ifun";
    .port_info 3 /OUTPUT 4 "rA";
    .port_info 4 /OUTPUT 4 "rB";
    .port_info 5 /OUTPUT 64 "valc";
    .port_info 6 /OUTPUT 64 "valP";
    .port_info 7 /INPUT 64 "PC";
    .port_info 8 /OUTPUT 1 "invalid_instr";
    .port_info 9 /OUTPUT 1 "mem_error";
    .port_info 10 /OUTPUT 1 "halt";
    .port_info 11 /INPUT 80 "instr";
o0x7fb31717fc18 .functor BUFZ 64, C4<zzzzzzzzzzzzzzzzzzzzzzzzzzzzzzzzzzzzzzzzzzzzzzzzzzzzzzzzzzzzzzzz>; HiZ drive
v0x558b2db767e0_0 .net "PC", 63 0, o0x7fb31717fc18;  0 drivers
o0x7fb31717fc48 .functor BUFZ 1, C4<z>; HiZ drive
v0x558b2db768e0_0 .net "clk", 0 0, o0x7fb31717fc48;  0 drivers
v0x558b2db769a0_0 .var "halt", 0 0;
v0x558b2db76a70_0 .var "icode", 3 0;
v0x558b2db76b50_0 .var "ifun", 3 0;
o0x7fb31717fd08 .functor BUFZ 80, C4<zzzzzzzzzzzzzzzzzzzzzzzzzzzzzzzzzzzzzzzzzzzzzzzzzzzzzzzzzzzzzzzzzzzzzzzzzzzzzzzz>; HiZ drive
v0x558b2db76c30_0 .net "instr", 0 79, o0x7fb31717fd08;  0 drivers
v0x558b2db76d10_0 .var "invalid_instr", 0 0;
v0x558b2db76dd0_0 .var "mem_error", 0 0;
v0x558b2db76e90_0 .var "rA", 3 0;
v0x558b2db76f70_0 .var "rB", 3 0;
v0x558b2db77050_0 .var "valP", 63 0;
v0x558b2db77130_0 .var/s "valc", 63 0;
E_0x558b2db34840 .event edge, v0x558b2db767e0_0, v0x558b2db76c30_0, v0x558b2db76a70_0;
    .scope S_0x558b2daeacf0;
T_0 ;
    %pushi/vec4 12, 0, 64;
    %ix/load 4, 0, 0;
    %flag_set/imm 4, 0;
    %store/vec4a v0x558b2db74a40, 4, 0;
    %pushi/vec4 10, 0, 64;
    %ix/load 4, 1, 0;
    %flag_set/imm 4, 0;
    %store/vec4a v0x558b2db74a40, 4, 0;
    %pushi/vec4 101, 0, 64;
    %ix/load 4, 2, 0;
    %flag_set/imm 4, 0;
    %store/vec4a v0x558b2db74a40, 4, 0;
    %pushi/vec4 100, 0, 64;
    %ix/load 4, 3, 0;
    %flag_set/imm 4, 0;
    %store/vec4a v0x558b2db74a40, 4, 0;
    %pushi/vec4 4294967295, 0, 32;
    %concati/vec4 4294967276, 0, 32;
    %ix/load 4, 4, 0;
    %flag_set/imm 4, 0;
    %store/vec4a v0x558b2db74a40, 4, 0;
    %pushi/vec4 50, 0, 64;
    %ix/load 4, 5, 0;
    %flag_set/imm 4, 0;
    %store/vec4a v0x558b2db74a40, 4, 0;
    %pushi/vec4 4294967295, 0, 32;
    %concati/vec4 4294967153, 0, 32;
    %ix/load 4, 6, 0;
    %flag_set/imm 4, 0;
    %store/vec4a v0x558b2db74a40, 4, 0;
    %pushi/vec4 10000, 0, 64;
    %ix/load 4, 7, 0;
    %flag_set/imm 4, 0;
    %store/vec4a v0x558b2db74a40, 4, 0;
    %pushi/vec4 990000, 0, 64;
    %ix/load 4, 8, 0;
    %flag_set/imm 4, 0;
    %store/vec4a v0x558b2db74a40, 4, 0;
    %pushi/vec4 4294967295, 0, 32;
    %concati/vec4 4294954951, 0, 32;
    %ix/load 4, 9, 0;
    %flag_set/imm 4, 0;
    %store/vec4a v0x558b2db74a40, 4, 0;
    %pushi/vec4 12345, 0, 64;
    %ix/load 4, 10, 0;
    %flag_set/imm 4, 0;
    %store/vec4a v0x558b2db74a40, 4, 0;
    %pushi/vec4 10112, 0, 64;
    %ix/load 4, 11, 0;
    %flag_set/imm 4, 0;
    %store/vec4a v0x558b2db74a40, 4, 0;
    %pushi/vec4 0, 0, 64;
    %ix/load 4, 12, 0;
    %flag_set/imm 4, 0;
    %store/vec4a v0x558b2db74a40, 4, 0;
    %pushi/vec4 1567, 0, 64;
    %ix/load 4, 13, 0;
    %flag_set/imm 4, 0;
    %store/vec4a v0x558b2db74a40, 4, 0;
    %pushi/vec4 8643, 0, 64;
    %ix/load 4, 14, 0;
    %flag_set/imm 4, 0;
    %store/vec4a v0x558b2db74a40, 4, 0;
    %end;
    .thread T_0;
    .scope S_0x558b2daeacf0;
T_1 ;
    %wait E_0x558b2db346b0;
    %load/vec4 v0x558b2db73a50_0;
    %cmpi/e 2, 0, 4;
    %flag_mov 8, 4;
    %load/vec4 v0x558b2db73a50_0;
    %cmpi/e 3, 0, 4;
    %flag_or 4, 8;
    %jmp/0xz  T_1.0, 4;
    %pushi/vec4 0, 0, 64;
    %store/vec4 v0x558b2db74dc0_0, 0, 64;
T_1.0 ;
    %load/vec4 v0x558b2db73a50_0;
    %cmpi/e 2, 0, 4;
    %flag_mov 8, 4;
    %load/vec4 v0x558b2db73a50_0;
    %cmpi/e 4, 0, 4;
    %flag_or 4, 8;
    %flag_mov 8, 4;
    %load/vec4 v0x558b2db73a50_0;
    %cmpi/e 6, 0, 4;
    %flag_or 4, 8;
    %flag_mov 8, 4;
    %load/vec4 v0x558b2db73a50_0;
    %cmpi/e 10, 0, 4;
    %flag_or 4, 8;
    %jmp/0xz  T_1.2, 4;
    %load/vec4 v0x558b2db73b10_0;
    %pad/u 6;
    %ix/vec4 4;
    %load/vec4a v0x558b2db74a40, 4;
    %store/vec4 v0x558b2db74ce0_0, 0, 64;
T_1.2 ;
    %load/vec4 v0x558b2db73a50_0;
    %cmpi/e 4, 0, 4;
    %flag_mov 8, 4;
    %load/vec4 v0x558b2db73a50_0;
    %cmpi/e 5, 0, 4;
    %flag_or 4, 8;
    %flag_mov 8, 4;
    %load/vec4 v0x558b2db73a50_0;
    %cmpi/e 6, 0, 4;
    %flag_or 4, 8;
    %jmp/0xz  T_1.4, 4;
    %load/vec4 v0x558b2db73bf0_0;
    %pad/u 6;
    %ix/vec4 4;
    %load/vec4a v0x558b2db74a40, 4;
    %store/vec4 v0x558b2db74dc0_0, 0, 64;
T_1.4 ;
    %load/vec4 v0x558b2db73a50_0;
    %cmpi/e 8, 0, 4;
    %flag_mov 8, 4;
    %load/vec4 v0x558b2db73a50_0;
    %cmpi/e 9, 0, 4;
    %flag_or 4, 8;
    %flag_mov 8, 4;
    %load/vec4 v0x558b2db73a50_0;
    %cmpi/e 10, 0, 4;
    %flag_or 4, 8;
    %flag_mov 8, 4;
    %load/vec4 v0x558b2db73a50_0;
    %cmpi/e 11, 0, 4;
    %flag_or 4, 8;
    %jmp/0xz  T_1.6, 4;
    %ix/load 4, 4, 0;
    %flag_set/imm 4, 0;
    %load/vec4a v0x558b2db74a40, 4;
    %store/vec4 v0x558b2db74dc0_0, 0, 64;
T_1.6 ;
    %load/vec4 v0x558b2db73a50_0;
    %cmpi/e 9, 0, 4;
    %flag_mov 8, 4;
    %load/vec4 v0x558b2db73a50_0;
    %cmpi/e 11, 0, 4;
    %flag_or 4, 8;
    %jmp/0xz  T_1.8, 4;
    %ix/load 4, 4, 0;
    %flag_set/imm 4, 0;
    %load/vec4a v0x558b2db74a40, 4;
    %store/vec4 v0x558b2db74ce0_0, 0, 64;
T_1.8 ;
    %jmp T_1;
    .thread T_1, $push;
    .scope S_0x558b2daeacf0;
T_2 ;
    %wait E_0x558b2db33ff0;
    %load/vec4 v0x558b2db73a50_0;
    %cmpi/e 3, 0, 4;
    %flag_mov 8, 4;
    %load/vec4 v0x558b2db73a50_0;
    %cmpi/e 6, 0, 4;
    %flag_or 4, 8;
    %jmp/0xz  T_2.0, 4;
    %load/vec4 v0x558b2db74ea0_0;
    %load/vec4 v0x558b2db73bf0_0;
    %pad/u 6;
    %ix/vec4 4;
    %store/vec4a v0x558b2db74a40, 4, 0;
T_2.0 ;
    %load/vec4 v0x558b2db73a50_0;
    %cmpi/e 5, 0, 4;
    %flag_mov 8, 4;
    %load/vec4 v0x558b2db73a50_0;
    %cmpi/e 11, 0, 4;
    %flag_or 4, 8;
    %jmp/0xz  T_2.2, 4;
    %load/vec4 v0x558b2db74f80_0;
    %load/vec4 v0x558b2db73b10_0;
    %pad/u 6;
    %ix/vec4 4;
    %store/vec4a v0x558b2db74a40, 4, 0;
T_2.2 ;
    %load/vec4 v0x558b2db73a50_0;
    %cmpi/e 8, 0, 4;
    %flag_mov 8, 4;
    %load/vec4 v0x558b2db73a50_0;
    %cmpi/e 9, 0, 4;
    %flag_or 4, 8;
    %flag_mov 8, 4;
    %load/vec4 v0x558b2db73a50_0;
    %cmpi/e 10, 0, 4;
    %flag_or 4, 8;
    %flag_mov 8, 4;
    %load/vec4 v0x558b2db73a50_0;
    %cmpi/e 11, 0, 4;
    %flag_or 4, 8;
    %jmp/0xz  T_2.4, 4;
    %load/vec4 v0x558b2db74ea0_0;
    %ix/load 4, 4, 0;
    %flag_set/imm 4, 0;
    %store/vec4a v0x558b2db74a40, 4, 0;
T_2.4 ;
    %load/vec4 v0x558b2db73a50_0;
    %cmpi/e 2, 0, 4;
    %jmp/0xz  T_2.6, 4;
    %load/vec4 v0x558b2db73990_0;
    %flag_set/vec4 8;
    %jmp/0xz  T_2.8, 8;
    %load/vec4 v0x558b2db74ea0_0;
    %load/vec4 v0x558b2db73bf0_0;
    %pad/u 6;
    %ix/vec4 4;
    %store/vec4a v0x558b2db74a40, 4, 0;
T_2.8 ;
T_2.6 ;
    %ix/load 4, 0, 0;
    %flag_set/imm 4, 0;
    %load/vec4a v0x558b2db74a40, 4;
    %assign/vec4 v0x558b2db73d20_0, 0;
    %ix/load 4, 1, 0;
    %flag_set/imm 4, 0;
    %load/vec4a v0x558b2db74a40, 4;
    %assign/vec4 v0x558b2db73e00_0, 0;
    %ix/load 4, 2, 0;
    %flag_set/imm 4, 0;
    %load/vec4a v0x558b2db74a40, 4;
    %assign/vec4 v0x558b2db74340_0, 0;
    %ix/load 4, 3, 0;
    %flag_set/imm 4, 0;
    %load/vec4a v0x558b2db74a40, 4;
    %assign/vec4 v0x558b2db74420_0, 0;
    %ix/load 4, 4, 0;
    %flag_set/imm 4, 0;
    %load/vec4a v0x558b2db74a40, 4;
    %assign/vec4 v0x558b2db74500_0, 0;
    %ix/load 4, 5, 0;
    %flag_set/imm 4, 0;
    %load/vec4a v0x558b2db74a40, 4;
    %assign/vec4 v0x558b2db745e0_0, 0;
    %ix/load 4, 6, 0;
    %flag_set/imm 4, 0;
    %load/vec4a v0x558b2db74a40, 4;
    %assign/vec4 v0x558b2db746c0_0, 0;
    %ix/load 4, 7, 0;
    %flag_set/imm 4, 0;
    %load/vec4a v0x558b2db74a40, 4;
    %assign/vec4 v0x558b2db747a0_0, 0;
    %ix/load 4, 8, 0;
    %flag_set/imm 4, 0;
    %load/vec4a v0x558b2db74a40, 4;
    %assign/vec4 v0x558b2db74880_0, 0;
    %ix/load 4, 9, 0;
    %flag_set/imm 4, 0;
    %load/vec4a v0x558b2db74a40, 4;
    %assign/vec4 v0x558b2db74960_0, 0;
    %ix/load 4, 10, 0;
    %flag_set/imm 4, 0;
    %load/vec4a v0x558b2db74a40, 4;
    %assign/vec4 v0x558b2db73ee0_0, 0;
    %ix/load 4, 11, 0;
    %flag_set/imm 4, 0;
    %load/vec4a v0x558b2db74a40, 4;
    %assign/vec4 v0x558b2db73fc0_0, 0;
    %ix/load 4, 12, 0;
    %flag_set/imm 4, 0;
    %load/vec4a v0x558b2db74a40, 4;
    %assign/vec4 v0x558b2db740a0_0, 0;
    %ix/load 4, 13, 0;
    %flag_set/imm 4, 0;
    %load/vec4a v0x558b2db74a40, 4;
    %assign/vec4 v0x558b2db74180_0, 0;
    %ix/load 4, 14, 0;
    %flag_set/imm 4, 0;
    %load/vec4a v0x558b2db74a40, 4;
    %assign/vec4 v0x558b2db74260_0, 0;
    %jmp T_2;
    .thread T_2;
    .scope S_0x558b2db40f00;
T_3 ;
    %pushi/vec4 1, 0, 1;
    %store/vec4 v0x558b2db75420_0, 0, 1;
    %end;
    .thread T_3;
    .scope S_0x558b2db40f00;
T_4 ;
    %vpi_call 2 26 "$dumpfile", "decode_tb.vcd" {0 0 0};
    %vpi_call 2 27 "$dumpvars", 32'sb00000000000000000000000000000000, S_0x558b2db40f00 {0 0 0};
    %pushi/vec4 0, 0, 1;
    %store/vec4 v0x558b2db75360_0, 0, 1;
    %end;
    .thread T_4;
    .scope S_0x558b2db40f00;
T_5 ;
    %delay 10, 0;
    %pushi/vec4 1, 0, 1;
    %store/vec4 v0x558b2db75360_0, 0, 1;
    %pushi/vec4 1, 0, 4;
    %store/vec4 v0x558b2db754c0_0, 0, 4;
    %pushi/vec4 0, 0, 4;
    %store/vec4 v0x558b2db75560_0, 0, 4;
    %pushi/vec4 15, 15, 4;
    %store/vec4 v0x558b2db75600_0, 0, 4;
    %pushi/vec4 15, 15, 4;
    %store/vec4 v0x558b2db756a0_0, 0, 4;
    %delay 10, 0;
    %pushi/vec4 1, 0, 1;
    %store/vec4 v0x558b2db75360_0, 0, 1;
    %pushi/vec4 2, 0, 4;
    %store/vec4 v0x558b2db754c0_0, 0, 4;
    %pushi/vec4 0, 0, 4;
    %store/vec4 v0x558b2db75560_0, 0, 4;
    %pushi/vec4 0, 0, 4;
    %store/vec4 v0x558b2db75600_0, 0, 4;
    %pushi/vec4 1, 0, 4;
    %store/vec4 v0x558b2db756a0_0, 0, 4;
    %delay 10, 0;
    %pushi/vec4 1, 0, 1;
    %store/vec4 v0x558b2db75360_0, 0, 1;
    %pushi/vec4 3, 0, 4;
    %store/vec4 v0x558b2db754c0_0, 0, 4;
    %pushi/vec4 0, 0, 4;
    %store/vec4 v0x558b2db75560_0, 0, 4;
    %pushi/vec4 0, 0, 4;
    %store/vec4 v0x558b2db75600_0, 0, 4;
    %pushi/vec4 2, 0, 4;
    %store/vec4 v0x558b2db756a0_0, 0, 4;
    %delay 10, 0;
    %pushi/vec4 1, 0, 1;
    %store/vec4 v0x558b2db75360_0, 0, 1;
    %pushi/vec4 6, 0, 4;
    %store/vec4 v0x558b2db754c0_0, 0, 4;
    %pushi/vec4 0, 0, 4;
    %store/vec4 v0x558b2db75560_0, 0, 4;
    %pushi/vec4 2, 0, 4;
    %store/vec4 v0x558b2db75600_0, 0, 4;
    %pushi/vec4 3, 0, 4;
    %store/vec4 v0x558b2db756a0_0, 0, 4;
    %delay 10, 0;
    %pushi/vec4 1, 0, 1;
    %store/vec4 v0x558b2db75360_0, 0, 1;
    %pushi/vec4 7, 0, 4;
    %store/vec4 v0x558b2db754c0_0, 0, 4;
    %pushi/vec4 0, 0, 4;
    %store/vec4 v0x558b2db75560_0, 0, 4;
    %pushi/vec4 2, 0, 4;
    %store/vec4 v0x558b2db75600_0, 0, 4;
    %pushi/vec4 3, 0, 4;
    %store/vec4 v0x558b2db756a0_0, 0, 4;
    %delay 10, 0;
    %pushi/vec4 1, 0, 1;
    %store/vec4 v0x558b2db75360_0, 0, 1;
    %pushi/vec4 8, 0, 4;
    %store/vec4 v0x558b2db754c0_0, 0, 4;
    %pushi/vec4 0, 0, 4;
    %store/vec4 v0x558b2db75560_0, 0, 4;
    %pushi/vec4 2, 0, 4;
    %store/vec4 v0x558b2db75600_0, 0, 4;
    %pushi/vec4 3, 0, 4;
    %store/vec4 v0x558b2db756a0_0, 0, 4;
    %delay 10, 0;
    %pushi/vec4 1, 0, 1;
    %store/vec4 v0x558b2db75360_0, 0, 1;
    %pushi/vec4 9, 0, 4;
    %store/vec4 v0x558b2db754c0_0, 0, 4;
    %pushi/vec4 0, 0, 4;
    %store/vec4 v0x558b2db75560_0, 0, 4;
    %pushi/vec4 2, 0, 4;
    %store/vec4 v0x558b2db75600_0, 0, 4;
    %pushi/vec4 3, 0, 4;
    %store/vec4 v0x558b2db756a0_0, 0, 4;
    %delay 10, 0;
    %pushi/vec4 1, 0, 1;
    %store/vec4 v0x558b2db75360_0, 0, 1;
    %pushi/vec4 10, 0, 4;
    %store/vec4 v0x558b2db754c0_0, 0, 4;
    %pushi/vec4 0, 0, 4;
    %store/vec4 v0x558b2db75560_0, 0, 4;
    %pushi/vec4 3, 0, 4;
    %store/vec4 v0x558b2db75600_0, 0, 4;
    %pushi/vec4 0, 0, 4;
    %store/vec4 v0x558b2db756a0_0, 0, 4;
    %delay 10, 0;
    %pushi/vec4 1, 0, 1;
    %store/vec4 v0x558b2db75360_0, 0, 1;
    %pushi/vec4 11, 0, 4;
    %store/vec4 v0x558b2db754c0_0, 0, 4;
    %pushi/vec4 0, 0, 4;
    %store/vec4 v0x558b2db75560_0, 0, 4;
    %pushi/vec4 3, 0, 4;
    %store/vec4 v0x558b2db75600_0, 0, 4;
    %pushi/vec4 0, 0, 4;
    %store/vec4 v0x558b2db756a0_0, 0, 4;
    %delay 10, 0;
    %pushi/vec4 1, 0, 1;
    %store/vec4 v0x558b2db75360_0, 0, 1;
    %pushi/vec4 11, 0, 4;
    %store/vec4 v0x558b2db754c0_0, 0, 4;
    %pushi/vec4 0, 0, 4;
    %store/vec4 v0x558b2db75560_0, 0, 4;
    %pushi/vec4 3, 0, 4;
    %store/vec4 v0x558b2db75600_0, 0, 4;
    %pushi/vec4 0, 0, 4;
    %store/vec4 v0x558b2db756a0_0, 0, 4;
    %end;
    .thread T_5;
    .scope S_0x558b2db40f00;
T_6 ;
    %vpi_call 2 54 "$monitor", "clk=%d  icode=%h ifun=%h rA=%d rB=%d,,valA = %d and valB = %d\012", v0x558b2db75360_0, v0x558b2db754c0_0, v0x558b2db75560_0, v0x558b2db75600_0, v0x558b2db756a0_0, v0x558b2db76480_0, v0x558b2db76550_0 {0 0 0};
    %end;
    .thread T_6;
    .scope S_0x558b2db41090;
T_7 ;
    %pushi/vec4 0, 0, 1;
    %store/vec4 v0x558b2db76d10_0, 0, 1;
    %pushi/vec4 0, 0, 1;
    %store/vec4 v0x558b2db76dd0_0, 0, 1;
    %pushi/vec4 0, 0, 1;
    %store/vec4 v0x558b2db769a0_0, 0, 1;
    %end;
    .thread T_7;
    .scope S_0x558b2db41090;
T_8 ;
    %wait E_0x558b2db34840;
    %load/vec4 v0x558b2db767e0_0;
    %cmpi/u 255, 0, 64;
    %flag_or 5, 4; GT is !LE
    %flag_inv 5;
    %jmp/0xz  T_8.0, 5;
    %pushi/vec4 1, 0, 1;
    %store/vec4 v0x558b2db76dd0_0, 0, 1;
    %vpi_call 4 16 "$finish" {0 0 0};
T_8.0 ;
    %load/vec4 v0x558b2db76c30_0;
    %parti/s 8, 72, 8;
    %split/vec4 4;
    %store/vec4 v0x558b2db76b50_0, 0, 4;
    %store/vec4 v0x558b2db76a70_0, 0, 4;
    %load/vec4 v0x558b2db76a70_0;
    %cmpi/e 0, 0, 4;
    %jmp/0xz  T_8.2, 4;
    %pushi/vec4 1, 0, 1;
    %store/vec4 v0x558b2db769a0_0, 0, 1;
    %load/vec4 v0x558b2db767e0_0;
    %addi 1, 0, 64;
    %store/vec4 v0x558b2db77050_0, 0, 64;
    %jmp T_8.3;
T_8.2 ;
    %load/vec4 v0x558b2db76a70_0;
    %cmpi/e 1, 0, 4;
    %jmp/0xz  T_8.4, 4;
    %load/vec4 v0x558b2db767e0_0;
    %addi 1, 0, 64;
    %store/vec4 v0x558b2db77050_0, 0, 64;
    %jmp T_8.5;
T_8.4 ;
    %load/vec4 v0x558b2db76a70_0;
    %cmpi/e 2, 0, 4;
    %jmp/0xz  T_8.6, 4;
    %load/vec4 v0x558b2db76c30_0;
    %parti/s 8, 64, 8;
    %split/vec4 4;
    %store/vec4 v0x558b2db76f70_0, 0, 4;
    %store/vec4 v0x558b2db76e90_0, 0, 4;
    %load/vec4 v0x558b2db767e0_0;
    %addi 2, 0, 64;
    %store/vec4 v0x558b2db77050_0, 0, 64;
    %jmp T_8.7;
T_8.6 ;
    %load/vec4 v0x558b2db76a70_0;
    %cmpi/e 3, 0, 4;
    %jmp/0xz  T_8.8, 4;
    %load/vec4 v0x558b2db76c30_0;
    %parti/s 72, 0, 2;
    %split/vec4 64;
    %store/vec4 v0x558b2db77130_0, 0, 64;
    %split/vec4 4;
    %store/vec4 v0x558b2db76f70_0, 0, 4;
    %store/vec4 v0x558b2db76e90_0, 0, 4;
    %load/vec4 v0x558b2db767e0_0;
    %addi 10, 0, 64;
    %store/vec4 v0x558b2db77050_0, 0, 64;
    %jmp T_8.9;
T_8.8 ;
    %load/vec4 v0x558b2db76a70_0;
    %cmpi/e 4, 0, 4;
    %jmp/0xz  T_8.10, 4;
    %load/vec4 v0x558b2db76c30_0;
    %parti/s 72, 0, 2;
    %split/vec4 64;
    %store/vec4 v0x558b2db77130_0, 0, 64;
    %split/vec4 4;
    %store/vec4 v0x558b2db76f70_0, 0, 4;
    %store/vec4 v0x558b2db76e90_0, 0, 4;
    %load/vec4 v0x558b2db767e0_0;
    %addi 10, 0, 64;
    %store/vec4 v0x558b2db77050_0, 0, 64;
    %jmp T_8.11;
T_8.10 ;
    %load/vec4 v0x558b2db76a70_0;
    %cmpi/e 5, 0, 4;
    %jmp/0xz  T_8.12, 4;
    %load/vec4 v0x558b2db76c30_0;
    %parti/s 72, 0, 2;
    %split/vec4 64;
    %store/vec4 v0x558b2db77130_0, 0, 64;
    %split/vec4 4;
    %store/vec4 v0x558b2db76f70_0, 0, 4;
    %store/vec4 v0x558b2db76e90_0, 0, 4;
    %load/vec4 v0x558b2db767e0_0;
    %addi 10, 0, 64;
    %store/vec4 v0x558b2db77050_0, 0, 64;
    %jmp T_8.13;
T_8.12 ;
    %load/vec4 v0x558b2db76a70_0;
    %cmpi/e 6, 0, 4;
    %jmp/0xz  T_8.14, 4;
    %load/vec4 v0x558b2db76c30_0;
    %parti/s 8, 64, 8;
    %split/vec4 4;
    %store/vec4 v0x558b2db76f70_0, 0, 4;
    %store/vec4 v0x558b2db76e90_0, 0, 4;
    %load/vec4 v0x558b2db767e0_0;
    %addi 2, 0, 64;
    %store/vec4 v0x558b2db77050_0, 0, 64;
    %jmp T_8.15;
T_8.14 ;
    %load/vec4 v0x558b2db76a70_0;
    %cmpi/e 7, 0, 4;
    %jmp/0xz  T_8.16, 4;
    %load/vec4 v0x558b2db76c30_0;
    %parti/s 64, 8, 5;
    %store/vec4 v0x558b2db77130_0, 0, 64;
    %load/vec4 v0x558b2db767e0_0;
    %addi 9, 0, 64;
    %store/vec4 v0x558b2db77050_0, 0, 64;
    %jmp T_8.17;
T_8.16 ;
    %load/vec4 v0x558b2db76a70_0;
    %cmpi/e 8, 0, 4;
    %jmp/0xz  T_8.18, 4;
    %load/vec4 v0x558b2db76c30_0;
    %parti/s 64, 8, 5;
    %store/vec4 v0x558b2db77130_0, 0, 64;
    %load/vec4 v0x558b2db767e0_0;
    %addi 9, 0, 64;
    %store/vec4 v0x558b2db77050_0, 0, 64;
    %jmp T_8.19;
T_8.18 ;
    %load/vec4 v0x558b2db76a70_0;
    %cmpi/e 9, 0, 4;
    %jmp/0xz  T_8.20, 4;
    %load/vec4 v0x558b2db767e0_0;
    %addi 1, 0, 64;
    %store/vec4 v0x558b2db77050_0, 0, 64;
    %jmp T_8.21;
T_8.20 ;
    %load/vec4 v0x558b2db76a70_0;
    %cmpi/e 10, 0, 4;
    %jmp/0xz  T_8.22, 4;
    %load/vec4 v0x558b2db76c30_0;
    %parti/s 8, 64, 8;
    %split/vec4 4;
    %store/vec4 v0x558b2db76f70_0, 0, 4;
    %store/vec4 v0x558b2db76e90_0, 0, 4;
    %load/vec4 v0x558b2db767e0_0;
    %addi 2, 0, 64;
    %store/vec4 v0x558b2db77050_0, 0, 64;
    %jmp T_8.23;
T_8.22 ;
    %load/vec4 v0x558b2db76a70_0;
    %cmpi/e 11, 0, 4;
    %jmp/0xz  T_8.24, 4;
    %load/vec4 v0x558b2db76c30_0;
    %parti/s 8, 64, 8;
    %split/vec4 4;
    %store/vec4 v0x558b2db76f70_0, 0, 4;
    %store/vec4 v0x558b2db76e90_0, 0, 4;
    %load/vec4 v0x558b2db767e0_0;
    %addi 2, 0, 64;
    %store/vec4 v0x558b2db77050_0, 0, 64;
    %jmp T_8.25;
T_8.24 ;
    %pushi/vec4 1, 0, 1;
    %store/vec4 v0x558b2db76d10_0, 0, 1;
T_8.25 ;
T_8.23 ;
T_8.21 ;
T_8.19 ;
T_8.17 ;
T_8.15 ;
T_8.13 ;
T_8.11 ;
T_8.9 ;
T_8.7 ;
T_8.5 ;
T_8.3 ;
    %jmp T_8;
    .thread T_8, $push;
# The file index is used to find the file name in the following table.
:file_names 5;
    "N/A";
    "<interactive>";
    "tb_decode_check1.v";
    "./decode.v";
    "./fetch.v";
