#! /usr/bin/vvp
:ivl_version "11.0 (stable)";
:ivl_delay_selection "TYPICAL";
:vpi_time_precision + 0;
:vpi_module "/usr/lib/x86_64-linux-gnu/ivl/system.vpi";
:vpi_module "/usr/lib/x86_64-linux-gnu/ivl/vhdl_sys.vpi";
:vpi_module "/usr/lib/x86_64-linux-gnu/ivl/vhdl_textio.vpi";
:vpi_module "/usr/lib/x86_64-linux-gnu/ivl/v2005_math.vpi";
:vpi_module "/usr/lib/x86_64-linux-gnu/ivl/va_math.vpi";
S_0x556f79262090 .scope module, "fetch" "fetch" 2 1;
 .timescale 0 0;
    .port_info 0 /INPUT 1 "clk";
    .port_info 1 /OUTPUT 4 "D_icode";
    .port_info 2 /OUTPUT 4 "D_ifun";
    .port_info 3 /OUTPUT 4 "D_rA";
    .port_info 4 /OUTPUT 4 "D_rB";
    .port_info 5 /OUTPUT 64 "D_valc";
    .port_info 6 /OUTPUT 64 "D_valP";
    .port_info 7 /OUTPUT 64 "f_predPC";
    .port_info 8 /INPUT 4 "M_icode";
    .port_info 9 /INPUT 1 "M_cnd";
    .port_info 10 /INPUT 64 "M_valA";
    .port_info 11 /INPUT 4 "W_icode";
    .port_info 12 /INPUT 64 "W_valM";
    .port_info 13 /INPUT 64 "F_predPC";
    .port_info 14 /INPUT 1 "F_stall";
    .port_info 15 /INPUT 1 "D_stall";
    .port_info 16 /INPUT 1 "D_bubble";
o0x7f51e5674018 .functor BUFZ 1, C4<z>; HiZ drive
v0x556f79201eb0_0 .net "D_bubble", 0 0, o0x7f51e5674018;  0 drivers
v0x556f7928cfe0_0 .var "D_icode", 3 0;
v0x556f7928d0c0_0 .var "D_ifun", 3 0;
v0x556f7928d180_0 .var "D_rA", 3 0;
v0x556f7928d260_0 .var "D_rB", 3 0;
o0x7f51e5674108 .functor BUFZ 1, C4<z>; HiZ drive
v0x556f7928d390_0 .net "D_stall", 0 0, o0x7f51e5674108;  0 drivers
v0x556f7928d450_0 .var "D_stat", 0 3;
v0x556f7928d530_0 .var "D_valP", 63 0;
v0x556f7928d610_0 .var/s "D_valc", 63 0;
o0x7f51e56741c8 .functor BUFZ 64, C4<zzzzzzzzzzzzzzzzzzzzzzzzzzzzzzzzzzzzzzzzzzzzzzzzzzzzzzzzzzzzzzzz>; HiZ drive
v0x556f7928d6f0_0 .net "F_predPC", 63 0, o0x7f51e56741c8;  0 drivers
o0x7f51e56741f8 .functor BUFZ 1, C4<z>; HiZ drive
v0x556f7928d7d0_0 .net "F_stall", 0 0, o0x7f51e56741f8;  0 drivers
o0x7f51e5674228 .functor BUFZ 1, C4<z>; HiZ drive
v0x556f7928d890_0 .net "M_cnd", 0 0, o0x7f51e5674228;  0 drivers
o0x7f51e5674258 .functor BUFZ 4, C4<zzzz>; HiZ drive
v0x556f7928d950_0 .net "M_icode", 3 0, o0x7f51e5674258;  0 drivers
o0x7f51e5674288 .functor BUFZ 64, C4<zzzzzzzzzzzzzzzzzzzzzzzzzzzzzzzzzzzzzzzzzzzzzzzzzzzzzzzzzzzzzzzz>; HiZ drive
v0x556f7928da30_0 .net "M_valA", 63 0, o0x7f51e5674288;  0 drivers
v0x556f7928db10_0 .var "PC", 63 0;
o0x7f51e56742e8 .functor BUFZ 4, C4<zzzz>; HiZ drive
v0x556f7928dbf0_0 .net "W_icode", 3 0, o0x7f51e56742e8;  0 drivers
o0x7f51e5674318 .functor BUFZ 64, C4<zzzzzzzzzzzzzzzzzzzzzzzzzzzzzzzzzzzzzzzzzzzzzzzzzzzzzzzzzzzzzzzz>; HiZ drive
v0x556f7928dcd0_0 .net "W_valM", 63 0, o0x7f51e5674318;  0 drivers
o0x7f51e5674348 .functor BUFZ 1, C4<z>; HiZ drive
v0x556f7928ddb0_0 .net "clk", 0 0, o0x7f51e5674348;  0 drivers
v0x556f7928de70_0 .var "f_predPC", 63 0;
v0x556f7928df50_0 .var "icode", 3 0;
v0x556f7928e030_0 .var "ifun", 3 0;
v0x556f7928e110_0 .var "instr", 0 79;
v0x556f7928e1f0 .array "instr_memory", 255 0, 7 0;
v0x556f79290ac0_0 .var "invalid_instr", 0 0;
v0x556f79290b80_0 .var "mem_error", 0 0;
v0x556f79290c40_0 .var "rA", 3 0;
v0x556f79290d20_0 .var "rB", 3 0;
v0x556f79290e00_0 .var "stat_code", 0 3;
v0x556f79290ee0_0 .var "valP", 63 0;
v0x556f79290fc0_0 .var "valc", 63 0;
E_0x556f7923f250 .event edge, v0x556f79290ac0_0, v0x556f79290b80_0, v0x556f7928df50_0;
E_0x556f7923e6e0 .event posedge, v0x556f7928ddb0_0;
E_0x556f7923e560/0 .event edge, v0x556f7928db10_0, v0x556f7928e110_0, v0x556f7928df50_0, v0x556f79290ee0_0;
E_0x556f7923e560/1 .event edge, v0x556f79290fc0_0;
E_0x556f7923e560 .event/or E_0x556f7923e560/0, E_0x556f7923e560/1;
E_0x556f792259b0/0 .event edge, v0x556f7928dbf0_0, v0x556f7928dcd0_0, v0x556f7928d950_0, v0x556f7928d890_0;
E_0x556f792259b0/1 .event edge, v0x556f7928da30_0, v0x556f7928d6f0_0;
E_0x556f792259b0 .event/or E_0x556f792259b0/0, E_0x556f792259b0/1;
v0x556f7928e1f0_0 .array/port v0x556f7928e1f0, 0;
v0x556f7928e1f0_1 .array/port v0x556f7928e1f0, 1;
v0x556f7928e1f0_2 .array/port v0x556f7928e1f0, 2;
E_0x556f79262220/0 .event edge, v0x556f7928db10_0, v0x556f7928e1f0_0, v0x556f7928e1f0_1, v0x556f7928e1f0_2;
v0x556f7928e1f0_3 .array/port v0x556f7928e1f0, 3;
v0x556f7928e1f0_4 .array/port v0x556f7928e1f0, 4;
v0x556f7928e1f0_5 .array/port v0x556f7928e1f0, 5;
v0x556f7928e1f0_6 .array/port v0x556f7928e1f0, 6;
E_0x556f79262220/1 .event edge, v0x556f7928e1f0_3, v0x556f7928e1f0_4, v0x556f7928e1f0_5, v0x556f7928e1f0_6;
v0x556f7928e1f0_7 .array/port v0x556f7928e1f0, 7;
v0x556f7928e1f0_8 .array/port v0x556f7928e1f0, 8;
v0x556f7928e1f0_9 .array/port v0x556f7928e1f0, 9;
v0x556f7928e1f0_10 .array/port v0x556f7928e1f0, 10;
E_0x556f79262220/2 .event edge, v0x556f7928e1f0_7, v0x556f7928e1f0_8, v0x556f7928e1f0_9, v0x556f7928e1f0_10;
v0x556f7928e1f0_11 .array/port v0x556f7928e1f0, 11;
v0x556f7928e1f0_12 .array/port v0x556f7928e1f0, 12;
v0x556f7928e1f0_13 .array/port v0x556f7928e1f0, 13;
v0x556f7928e1f0_14 .array/port v0x556f7928e1f0, 14;
E_0x556f79262220/3 .event edge, v0x556f7928e1f0_11, v0x556f7928e1f0_12, v0x556f7928e1f0_13, v0x556f7928e1f0_14;
v0x556f7928e1f0_15 .array/port v0x556f7928e1f0, 15;
v0x556f7928e1f0_16 .array/port v0x556f7928e1f0, 16;
v0x556f7928e1f0_17 .array/port v0x556f7928e1f0, 17;
v0x556f7928e1f0_18 .array/port v0x556f7928e1f0, 18;
E_0x556f79262220/4 .event edge, v0x556f7928e1f0_15, v0x556f7928e1f0_16, v0x556f7928e1f0_17, v0x556f7928e1f0_18;
v0x556f7928e1f0_19 .array/port v0x556f7928e1f0, 19;
v0x556f7928e1f0_20 .array/port v0x556f7928e1f0, 20;
v0x556f7928e1f0_21 .array/port v0x556f7928e1f0, 21;
v0x556f7928e1f0_22 .array/port v0x556f7928e1f0, 22;
E_0x556f79262220/5 .event edge, v0x556f7928e1f0_19, v0x556f7928e1f0_20, v0x556f7928e1f0_21, v0x556f7928e1f0_22;
v0x556f7928e1f0_23 .array/port v0x556f7928e1f0, 23;
v0x556f7928e1f0_24 .array/port v0x556f7928e1f0, 24;
v0x556f7928e1f0_25 .array/port v0x556f7928e1f0, 25;
v0x556f7928e1f0_26 .array/port v0x556f7928e1f0, 26;
E_0x556f79262220/6 .event edge, v0x556f7928e1f0_23, v0x556f7928e1f0_24, v0x556f7928e1f0_25, v0x556f7928e1f0_26;
v0x556f7928e1f0_27 .array/port v0x556f7928e1f0, 27;
v0x556f7928e1f0_28 .array/port v0x556f7928e1f0, 28;
v0x556f7928e1f0_29 .array/port v0x556f7928e1f0, 29;
v0x556f7928e1f0_30 .array/port v0x556f7928e1f0, 30;
E_0x556f79262220/7 .event edge, v0x556f7928e1f0_27, v0x556f7928e1f0_28, v0x556f7928e1f0_29, v0x556f7928e1f0_30;
v0x556f7928e1f0_31 .array/port v0x556f7928e1f0, 31;
v0x556f7928e1f0_32 .array/port v0x556f7928e1f0, 32;
v0x556f7928e1f0_33 .array/port v0x556f7928e1f0, 33;
v0x556f7928e1f0_34 .array/port v0x556f7928e1f0, 34;
E_0x556f79262220/8 .event edge, v0x556f7928e1f0_31, v0x556f7928e1f0_32, v0x556f7928e1f0_33, v0x556f7928e1f0_34;
v0x556f7928e1f0_35 .array/port v0x556f7928e1f0, 35;
v0x556f7928e1f0_36 .array/port v0x556f7928e1f0, 36;
v0x556f7928e1f0_37 .array/port v0x556f7928e1f0, 37;
v0x556f7928e1f0_38 .array/port v0x556f7928e1f0, 38;
E_0x556f79262220/9 .event edge, v0x556f7928e1f0_35, v0x556f7928e1f0_36, v0x556f7928e1f0_37, v0x556f7928e1f0_38;
v0x556f7928e1f0_39 .array/port v0x556f7928e1f0, 39;
v0x556f7928e1f0_40 .array/port v0x556f7928e1f0, 40;
v0x556f7928e1f0_41 .array/port v0x556f7928e1f0, 41;
v0x556f7928e1f0_42 .array/port v0x556f7928e1f0, 42;
E_0x556f79262220/10 .event edge, v0x556f7928e1f0_39, v0x556f7928e1f0_40, v0x556f7928e1f0_41, v0x556f7928e1f0_42;
v0x556f7928e1f0_43 .array/port v0x556f7928e1f0, 43;
v0x556f7928e1f0_44 .array/port v0x556f7928e1f0, 44;
v0x556f7928e1f0_45 .array/port v0x556f7928e1f0, 45;
v0x556f7928e1f0_46 .array/port v0x556f7928e1f0, 46;
E_0x556f79262220/11 .event edge, v0x556f7928e1f0_43, v0x556f7928e1f0_44, v0x556f7928e1f0_45, v0x556f7928e1f0_46;
v0x556f7928e1f0_47 .array/port v0x556f7928e1f0, 47;
v0x556f7928e1f0_48 .array/port v0x556f7928e1f0, 48;
v0x556f7928e1f0_49 .array/port v0x556f7928e1f0, 49;
v0x556f7928e1f0_50 .array/port v0x556f7928e1f0, 50;
E_0x556f79262220/12 .event edge, v0x556f7928e1f0_47, v0x556f7928e1f0_48, v0x556f7928e1f0_49, v0x556f7928e1f0_50;
v0x556f7928e1f0_51 .array/port v0x556f7928e1f0, 51;
v0x556f7928e1f0_52 .array/port v0x556f7928e1f0, 52;
v0x556f7928e1f0_53 .array/port v0x556f7928e1f0, 53;
v0x556f7928e1f0_54 .array/port v0x556f7928e1f0, 54;
E_0x556f79262220/13 .event edge, v0x556f7928e1f0_51, v0x556f7928e1f0_52, v0x556f7928e1f0_53, v0x556f7928e1f0_54;
v0x556f7928e1f0_55 .array/port v0x556f7928e1f0, 55;
v0x556f7928e1f0_56 .array/port v0x556f7928e1f0, 56;
v0x556f7928e1f0_57 .array/port v0x556f7928e1f0, 57;
v0x556f7928e1f0_58 .array/port v0x556f7928e1f0, 58;
E_0x556f79262220/14 .event edge, v0x556f7928e1f0_55, v0x556f7928e1f0_56, v0x556f7928e1f0_57, v0x556f7928e1f0_58;
v0x556f7928e1f0_59 .array/port v0x556f7928e1f0, 59;
v0x556f7928e1f0_60 .array/port v0x556f7928e1f0, 60;
v0x556f7928e1f0_61 .array/port v0x556f7928e1f0, 61;
v0x556f7928e1f0_62 .array/port v0x556f7928e1f0, 62;
E_0x556f79262220/15 .event edge, v0x556f7928e1f0_59, v0x556f7928e1f0_60, v0x556f7928e1f0_61, v0x556f7928e1f0_62;
v0x556f7928e1f0_63 .array/port v0x556f7928e1f0, 63;
v0x556f7928e1f0_64 .array/port v0x556f7928e1f0, 64;
v0x556f7928e1f0_65 .array/port v0x556f7928e1f0, 65;
v0x556f7928e1f0_66 .array/port v0x556f7928e1f0, 66;
E_0x556f79262220/16 .event edge, v0x556f7928e1f0_63, v0x556f7928e1f0_64, v0x556f7928e1f0_65, v0x556f7928e1f0_66;
v0x556f7928e1f0_67 .array/port v0x556f7928e1f0, 67;
v0x556f7928e1f0_68 .array/port v0x556f7928e1f0, 68;
v0x556f7928e1f0_69 .array/port v0x556f7928e1f0, 69;
v0x556f7928e1f0_70 .array/port v0x556f7928e1f0, 70;
E_0x556f79262220/17 .event edge, v0x556f7928e1f0_67, v0x556f7928e1f0_68, v0x556f7928e1f0_69, v0x556f7928e1f0_70;
v0x556f7928e1f0_71 .array/port v0x556f7928e1f0, 71;
v0x556f7928e1f0_72 .array/port v0x556f7928e1f0, 72;
v0x556f7928e1f0_73 .array/port v0x556f7928e1f0, 73;
v0x556f7928e1f0_74 .array/port v0x556f7928e1f0, 74;
E_0x556f79262220/18 .event edge, v0x556f7928e1f0_71, v0x556f7928e1f0_72, v0x556f7928e1f0_73, v0x556f7928e1f0_74;
v0x556f7928e1f0_75 .array/port v0x556f7928e1f0, 75;
v0x556f7928e1f0_76 .array/port v0x556f7928e1f0, 76;
v0x556f7928e1f0_77 .array/port v0x556f7928e1f0, 77;
v0x556f7928e1f0_78 .array/port v0x556f7928e1f0, 78;
E_0x556f79262220/19 .event edge, v0x556f7928e1f0_75, v0x556f7928e1f0_76, v0x556f7928e1f0_77, v0x556f7928e1f0_78;
v0x556f7928e1f0_79 .array/port v0x556f7928e1f0, 79;
v0x556f7928e1f0_80 .array/port v0x556f7928e1f0, 80;
v0x556f7928e1f0_81 .array/port v0x556f7928e1f0, 81;
v0x556f7928e1f0_82 .array/port v0x556f7928e1f0, 82;
E_0x556f79262220/20 .event edge, v0x556f7928e1f0_79, v0x556f7928e1f0_80, v0x556f7928e1f0_81, v0x556f7928e1f0_82;
v0x556f7928e1f0_83 .array/port v0x556f7928e1f0, 83;
v0x556f7928e1f0_84 .array/port v0x556f7928e1f0, 84;
v0x556f7928e1f0_85 .array/port v0x556f7928e1f0, 85;
v0x556f7928e1f0_86 .array/port v0x556f7928e1f0, 86;
E_0x556f79262220/21 .event edge, v0x556f7928e1f0_83, v0x556f7928e1f0_84, v0x556f7928e1f0_85, v0x556f7928e1f0_86;
v0x556f7928e1f0_87 .array/port v0x556f7928e1f0, 87;
v0x556f7928e1f0_88 .array/port v0x556f7928e1f0, 88;
v0x556f7928e1f0_89 .array/port v0x556f7928e1f0, 89;
v0x556f7928e1f0_90 .array/port v0x556f7928e1f0, 90;
E_0x556f79262220/22 .event edge, v0x556f7928e1f0_87, v0x556f7928e1f0_88, v0x556f7928e1f0_89, v0x556f7928e1f0_90;
v0x556f7928e1f0_91 .array/port v0x556f7928e1f0, 91;
v0x556f7928e1f0_92 .array/port v0x556f7928e1f0, 92;
v0x556f7928e1f0_93 .array/port v0x556f7928e1f0, 93;
v0x556f7928e1f0_94 .array/port v0x556f7928e1f0, 94;
E_0x556f79262220/23 .event edge, v0x556f7928e1f0_91, v0x556f7928e1f0_92, v0x556f7928e1f0_93, v0x556f7928e1f0_94;
v0x556f7928e1f0_95 .array/port v0x556f7928e1f0, 95;
v0x556f7928e1f0_96 .array/port v0x556f7928e1f0, 96;
v0x556f7928e1f0_97 .array/port v0x556f7928e1f0, 97;
v0x556f7928e1f0_98 .array/port v0x556f7928e1f0, 98;
E_0x556f79262220/24 .event edge, v0x556f7928e1f0_95, v0x556f7928e1f0_96, v0x556f7928e1f0_97, v0x556f7928e1f0_98;
v0x556f7928e1f0_99 .array/port v0x556f7928e1f0, 99;
v0x556f7928e1f0_100 .array/port v0x556f7928e1f0, 100;
v0x556f7928e1f0_101 .array/port v0x556f7928e1f0, 101;
v0x556f7928e1f0_102 .array/port v0x556f7928e1f0, 102;
E_0x556f79262220/25 .event edge, v0x556f7928e1f0_99, v0x556f7928e1f0_100, v0x556f7928e1f0_101, v0x556f7928e1f0_102;
v0x556f7928e1f0_103 .array/port v0x556f7928e1f0, 103;
v0x556f7928e1f0_104 .array/port v0x556f7928e1f0, 104;
v0x556f7928e1f0_105 .array/port v0x556f7928e1f0, 105;
v0x556f7928e1f0_106 .array/port v0x556f7928e1f0, 106;
E_0x556f79262220/26 .event edge, v0x556f7928e1f0_103, v0x556f7928e1f0_104, v0x556f7928e1f0_105, v0x556f7928e1f0_106;
v0x556f7928e1f0_107 .array/port v0x556f7928e1f0, 107;
v0x556f7928e1f0_108 .array/port v0x556f7928e1f0, 108;
v0x556f7928e1f0_109 .array/port v0x556f7928e1f0, 109;
v0x556f7928e1f0_110 .array/port v0x556f7928e1f0, 110;
E_0x556f79262220/27 .event edge, v0x556f7928e1f0_107, v0x556f7928e1f0_108, v0x556f7928e1f0_109, v0x556f7928e1f0_110;
v0x556f7928e1f0_111 .array/port v0x556f7928e1f0, 111;
v0x556f7928e1f0_112 .array/port v0x556f7928e1f0, 112;
v0x556f7928e1f0_113 .array/port v0x556f7928e1f0, 113;
v0x556f7928e1f0_114 .array/port v0x556f7928e1f0, 114;
E_0x556f79262220/28 .event edge, v0x556f7928e1f0_111, v0x556f7928e1f0_112, v0x556f7928e1f0_113, v0x556f7928e1f0_114;
v0x556f7928e1f0_115 .array/port v0x556f7928e1f0, 115;
v0x556f7928e1f0_116 .array/port v0x556f7928e1f0, 116;
v0x556f7928e1f0_117 .array/port v0x556f7928e1f0, 117;
v0x556f7928e1f0_118 .array/port v0x556f7928e1f0, 118;
E_0x556f79262220/29 .event edge, v0x556f7928e1f0_115, v0x556f7928e1f0_116, v0x556f7928e1f0_117, v0x556f7928e1f0_118;
v0x556f7928e1f0_119 .array/port v0x556f7928e1f0, 119;
v0x556f7928e1f0_120 .array/port v0x556f7928e1f0, 120;
v0x556f7928e1f0_121 .array/port v0x556f7928e1f0, 121;
v0x556f7928e1f0_122 .array/port v0x556f7928e1f0, 122;
E_0x556f79262220/30 .event edge, v0x556f7928e1f0_119, v0x556f7928e1f0_120, v0x556f7928e1f0_121, v0x556f7928e1f0_122;
v0x556f7928e1f0_123 .array/port v0x556f7928e1f0, 123;
v0x556f7928e1f0_124 .array/port v0x556f7928e1f0, 124;
v0x556f7928e1f0_125 .array/port v0x556f7928e1f0, 125;
v0x556f7928e1f0_126 .array/port v0x556f7928e1f0, 126;
E_0x556f79262220/31 .event edge, v0x556f7928e1f0_123, v0x556f7928e1f0_124, v0x556f7928e1f0_125, v0x556f7928e1f0_126;
v0x556f7928e1f0_127 .array/port v0x556f7928e1f0, 127;
v0x556f7928e1f0_128 .array/port v0x556f7928e1f0, 128;
v0x556f7928e1f0_129 .array/port v0x556f7928e1f0, 129;
v0x556f7928e1f0_130 .array/port v0x556f7928e1f0, 130;
E_0x556f79262220/32 .event edge, v0x556f7928e1f0_127, v0x556f7928e1f0_128, v0x556f7928e1f0_129, v0x556f7928e1f0_130;
v0x556f7928e1f0_131 .array/port v0x556f7928e1f0, 131;
v0x556f7928e1f0_132 .array/port v0x556f7928e1f0, 132;
v0x556f7928e1f0_133 .array/port v0x556f7928e1f0, 133;
v0x556f7928e1f0_134 .array/port v0x556f7928e1f0, 134;
E_0x556f79262220/33 .event edge, v0x556f7928e1f0_131, v0x556f7928e1f0_132, v0x556f7928e1f0_133, v0x556f7928e1f0_134;
v0x556f7928e1f0_135 .array/port v0x556f7928e1f0, 135;
v0x556f7928e1f0_136 .array/port v0x556f7928e1f0, 136;
v0x556f7928e1f0_137 .array/port v0x556f7928e1f0, 137;
v0x556f7928e1f0_138 .array/port v0x556f7928e1f0, 138;
E_0x556f79262220/34 .event edge, v0x556f7928e1f0_135, v0x556f7928e1f0_136, v0x556f7928e1f0_137, v0x556f7928e1f0_138;
v0x556f7928e1f0_139 .array/port v0x556f7928e1f0, 139;
v0x556f7928e1f0_140 .array/port v0x556f7928e1f0, 140;
v0x556f7928e1f0_141 .array/port v0x556f7928e1f0, 141;
v0x556f7928e1f0_142 .array/port v0x556f7928e1f0, 142;
E_0x556f79262220/35 .event edge, v0x556f7928e1f0_139, v0x556f7928e1f0_140, v0x556f7928e1f0_141, v0x556f7928e1f0_142;
v0x556f7928e1f0_143 .array/port v0x556f7928e1f0, 143;
v0x556f7928e1f0_144 .array/port v0x556f7928e1f0, 144;
v0x556f7928e1f0_145 .array/port v0x556f7928e1f0, 145;
v0x556f7928e1f0_146 .array/port v0x556f7928e1f0, 146;
E_0x556f79262220/36 .event edge, v0x556f7928e1f0_143, v0x556f7928e1f0_144, v0x556f7928e1f0_145, v0x556f7928e1f0_146;
v0x556f7928e1f0_147 .array/port v0x556f7928e1f0, 147;
v0x556f7928e1f0_148 .array/port v0x556f7928e1f0, 148;
v0x556f7928e1f0_149 .array/port v0x556f7928e1f0, 149;
v0x556f7928e1f0_150 .array/port v0x556f7928e1f0, 150;
E_0x556f79262220/37 .event edge, v0x556f7928e1f0_147, v0x556f7928e1f0_148, v0x556f7928e1f0_149, v0x556f7928e1f0_150;
v0x556f7928e1f0_151 .array/port v0x556f7928e1f0, 151;
v0x556f7928e1f0_152 .array/port v0x556f7928e1f0, 152;
v0x556f7928e1f0_153 .array/port v0x556f7928e1f0, 153;
v0x556f7928e1f0_154 .array/port v0x556f7928e1f0, 154;
E_0x556f79262220/38 .event edge, v0x556f7928e1f0_151, v0x556f7928e1f0_152, v0x556f7928e1f0_153, v0x556f7928e1f0_154;
v0x556f7928e1f0_155 .array/port v0x556f7928e1f0, 155;
v0x556f7928e1f0_156 .array/port v0x556f7928e1f0, 156;
v0x556f7928e1f0_157 .array/port v0x556f7928e1f0, 157;
v0x556f7928e1f0_158 .array/port v0x556f7928e1f0, 158;
E_0x556f79262220/39 .event edge, v0x556f7928e1f0_155, v0x556f7928e1f0_156, v0x556f7928e1f0_157, v0x556f7928e1f0_158;
v0x556f7928e1f0_159 .array/port v0x556f7928e1f0, 159;
v0x556f7928e1f0_160 .array/port v0x556f7928e1f0, 160;
v0x556f7928e1f0_161 .array/port v0x556f7928e1f0, 161;
v0x556f7928e1f0_162 .array/port v0x556f7928e1f0, 162;
E_0x556f79262220/40 .event edge, v0x556f7928e1f0_159, v0x556f7928e1f0_160, v0x556f7928e1f0_161, v0x556f7928e1f0_162;
v0x556f7928e1f0_163 .array/port v0x556f7928e1f0, 163;
v0x556f7928e1f0_164 .array/port v0x556f7928e1f0, 164;
v0x556f7928e1f0_165 .array/port v0x556f7928e1f0, 165;
v0x556f7928e1f0_166 .array/port v0x556f7928e1f0, 166;
E_0x556f79262220/41 .event edge, v0x556f7928e1f0_163, v0x556f7928e1f0_164, v0x556f7928e1f0_165, v0x556f7928e1f0_166;
v0x556f7928e1f0_167 .array/port v0x556f7928e1f0, 167;
v0x556f7928e1f0_168 .array/port v0x556f7928e1f0, 168;
v0x556f7928e1f0_169 .array/port v0x556f7928e1f0, 169;
v0x556f7928e1f0_170 .array/port v0x556f7928e1f0, 170;
E_0x556f79262220/42 .event edge, v0x556f7928e1f0_167, v0x556f7928e1f0_168, v0x556f7928e1f0_169, v0x556f7928e1f0_170;
v0x556f7928e1f0_171 .array/port v0x556f7928e1f0, 171;
v0x556f7928e1f0_172 .array/port v0x556f7928e1f0, 172;
v0x556f7928e1f0_173 .array/port v0x556f7928e1f0, 173;
v0x556f7928e1f0_174 .array/port v0x556f7928e1f0, 174;
E_0x556f79262220/43 .event edge, v0x556f7928e1f0_171, v0x556f7928e1f0_172, v0x556f7928e1f0_173, v0x556f7928e1f0_174;
v0x556f7928e1f0_175 .array/port v0x556f7928e1f0, 175;
v0x556f7928e1f0_176 .array/port v0x556f7928e1f0, 176;
v0x556f7928e1f0_177 .array/port v0x556f7928e1f0, 177;
v0x556f7928e1f0_178 .array/port v0x556f7928e1f0, 178;
E_0x556f79262220/44 .event edge, v0x556f7928e1f0_175, v0x556f7928e1f0_176, v0x556f7928e1f0_177, v0x556f7928e1f0_178;
v0x556f7928e1f0_179 .array/port v0x556f7928e1f0, 179;
v0x556f7928e1f0_180 .array/port v0x556f7928e1f0, 180;
v0x556f7928e1f0_181 .array/port v0x556f7928e1f0, 181;
v0x556f7928e1f0_182 .array/port v0x556f7928e1f0, 182;
E_0x556f79262220/45 .event edge, v0x556f7928e1f0_179, v0x556f7928e1f0_180, v0x556f7928e1f0_181, v0x556f7928e1f0_182;
v0x556f7928e1f0_183 .array/port v0x556f7928e1f0, 183;
v0x556f7928e1f0_184 .array/port v0x556f7928e1f0, 184;
v0x556f7928e1f0_185 .array/port v0x556f7928e1f0, 185;
v0x556f7928e1f0_186 .array/port v0x556f7928e1f0, 186;
E_0x556f79262220/46 .event edge, v0x556f7928e1f0_183, v0x556f7928e1f0_184, v0x556f7928e1f0_185, v0x556f7928e1f0_186;
v0x556f7928e1f0_187 .array/port v0x556f7928e1f0, 187;
v0x556f7928e1f0_188 .array/port v0x556f7928e1f0, 188;
v0x556f7928e1f0_189 .array/port v0x556f7928e1f0, 189;
v0x556f7928e1f0_190 .array/port v0x556f7928e1f0, 190;
E_0x556f79262220/47 .event edge, v0x556f7928e1f0_187, v0x556f7928e1f0_188, v0x556f7928e1f0_189, v0x556f7928e1f0_190;
v0x556f7928e1f0_191 .array/port v0x556f7928e1f0, 191;
v0x556f7928e1f0_192 .array/port v0x556f7928e1f0, 192;
v0x556f7928e1f0_193 .array/port v0x556f7928e1f0, 193;
v0x556f7928e1f0_194 .array/port v0x556f7928e1f0, 194;
E_0x556f79262220/48 .event edge, v0x556f7928e1f0_191, v0x556f7928e1f0_192, v0x556f7928e1f0_193, v0x556f7928e1f0_194;
v0x556f7928e1f0_195 .array/port v0x556f7928e1f0, 195;
v0x556f7928e1f0_196 .array/port v0x556f7928e1f0, 196;
v0x556f7928e1f0_197 .array/port v0x556f7928e1f0, 197;
v0x556f7928e1f0_198 .array/port v0x556f7928e1f0, 198;
E_0x556f79262220/49 .event edge, v0x556f7928e1f0_195, v0x556f7928e1f0_196, v0x556f7928e1f0_197, v0x556f7928e1f0_198;
v0x556f7928e1f0_199 .array/port v0x556f7928e1f0, 199;
v0x556f7928e1f0_200 .array/port v0x556f7928e1f0, 200;
v0x556f7928e1f0_201 .array/port v0x556f7928e1f0, 201;
v0x556f7928e1f0_202 .array/port v0x556f7928e1f0, 202;
E_0x556f79262220/50 .event edge, v0x556f7928e1f0_199, v0x556f7928e1f0_200, v0x556f7928e1f0_201, v0x556f7928e1f0_202;
v0x556f7928e1f0_203 .array/port v0x556f7928e1f0, 203;
v0x556f7928e1f0_204 .array/port v0x556f7928e1f0, 204;
v0x556f7928e1f0_205 .array/port v0x556f7928e1f0, 205;
v0x556f7928e1f0_206 .array/port v0x556f7928e1f0, 206;
E_0x556f79262220/51 .event edge, v0x556f7928e1f0_203, v0x556f7928e1f0_204, v0x556f7928e1f0_205, v0x556f7928e1f0_206;
v0x556f7928e1f0_207 .array/port v0x556f7928e1f0, 207;
v0x556f7928e1f0_208 .array/port v0x556f7928e1f0, 208;
v0x556f7928e1f0_209 .array/port v0x556f7928e1f0, 209;
v0x556f7928e1f0_210 .array/port v0x556f7928e1f0, 210;
E_0x556f79262220/52 .event edge, v0x556f7928e1f0_207, v0x556f7928e1f0_208, v0x556f7928e1f0_209, v0x556f7928e1f0_210;
v0x556f7928e1f0_211 .array/port v0x556f7928e1f0, 211;
v0x556f7928e1f0_212 .array/port v0x556f7928e1f0, 212;
v0x556f7928e1f0_213 .array/port v0x556f7928e1f0, 213;
v0x556f7928e1f0_214 .array/port v0x556f7928e1f0, 214;
E_0x556f79262220/53 .event edge, v0x556f7928e1f0_211, v0x556f7928e1f0_212, v0x556f7928e1f0_213, v0x556f7928e1f0_214;
v0x556f7928e1f0_215 .array/port v0x556f7928e1f0, 215;
v0x556f7928e1f0_216 .array/port v0x556f7928e1f0, 216;
v0x556f7928e1f0_217 .array/port v0x556f7928e1f0, 217;
v0x556f7928e1f0_218 .array/port v0x556f7928e1f0, 218;
E_0x556f79262220/54 .event edge, v0x556f7928e1f0_215, v0x556f7928e1f0_216, v0x556f7928e1f0_217, v0x556f7928e1f0_218;
v0x556f7928e1f0_219 .array/port v0x556f7928e1f0, 219;
v0x556f7928e1f0_220 .array/port v0x556f7928e1f0, 220;
v0x556f7928e1f0_221 .array/port v0x556f7928e1f0, 221;
v0x556f7928e1f0_222 .array/port v0x556f7928e1f0, 222;
E_0x556f79262220/55 .event edge, v0x556f7928e1f0_219, v0x556f7928e1f0_220, v0x556f7928e1f0_221, v0x556f7928e1f0_222;
v0x556f7928e1f0_223 .array/port v0x556f7928e1f0, 223;
v0x556f7928e1f0_224 .array/port v0x556f7928e1f0, 224;
v0x556f7928e1f0_225 .array/port v0x556f7928e1f0, 225;
v0x556f7928e1f0_226 .array/port v0x556f7928e1f0, 226;
E_0x556f79262220/56 .event edge, v0x556f7928e1f0_223, v0x556f7928e1f0_224, v0x556f7928e1f0_225, v0x556f7928e1f0_226;
v0x556f7928e1f0_227 .array/port v0x556f7928e1f0, 227;
v0x556f7928e1f0_228 .array/port v0x556f7928e1f0, 228;
v0x556f7928e1f0_229 .array/port v0x556f7928e1f0, 229;
v0x556f7928e1f0_230 .array/port v0x556f7928e1f0, 230;
E_0x556f79262220/57 .event edge, v0x556f7928e1f0_227, v0x556f7928e1f0_228, v0x556f7928e1f0_229, v0x556f7928e1f0_230;
v0x556f7928e1f0_231 .array/port v0x556f7928e1f0, 231;
v0x556f7928e1f0_232 .array/port v0x556f7928e1f0, 232;
v0x556f7928e1f0_233 .array/port v0x556f7928e1f0, 233;
v0x556f7928e1f0_234 .array/port v0x556f7928e1f0, 234;
E_0x556f79262220/58 .event edge, v0x556f7928e1f0_231, v0x556f7928e1f0_232, v0x556f7928e1f0_233, v0x556f7928e1f0_234;
v0x556f7928e1f0_235 .array/port v0x556f7928e1f0, 235;
v0x556f7928e1f0_236 .array/port v0x556f7928e1f0, 236;
v0x556f7928e1f0_237 .array/port v0x556f7928e1f0, 237;
v0x556f7928e1f0_238 .array/port v0x556f7928e1f0, 238;
E_0x556f79262220/59 .event edge, v0x556f7928e1f0_235, v0x556f7928e1f0_236, v0x556f7928e1f0_237, v0x556f7928e1f0_238;
v0x556f7928e1f0_239 .array/port v0x556f7928e1f0, 239;
v0x556f7928e1f0_240 .array/port v0x556f7928e1f0, 240;
v0x556f7928e1f0_241 .array/port v0x556f7928e1f0, 241;
v0x556f7928e1f0_242 .array/port v0x556f7928e1f0, 242;
E_0x556f79262220/60 .event edge, v0x556f7928e1f0_239, v0x556f7928e1f0_240, v0x556f7928e1f0_241, v0x556f7928e1f0_242;
v0x556f7928e1f0_243 .array/port v0x556f7928e1f0, 243;
v0x556f7928e1f0_244 .array/port v0x556f7928e1f0, 244;
v0x556f7928e1f0_245 .array/port v0x556f7928e1f0, 245;
v0x556f7928e1f0_246 .array/port v0x556f7928e1f0, 246;
E_0x556f79262220/61 .event edge, v0x556f7928e1f0_243, v0x556f7928e1f0_244, v0x556f7928e1f0_245, v0x556f7928e1f0_246;
v0x556f7928e1f0_247 .array/port v0x556f7928e1f0, 247;
v0x556f7928e1f0_248 .array/port v0x556f7928e1f0, 248;
v0x556f7928e1f0_249 .array/port v0x556f7928e1f0, 249;
v0x556f7928e1f0_250 .array/port v0x556f7928e1f0, 250;
E_0x556f79262220/62 .event edge, v0x556f7928e1f0_247, v0x556f7928e1f0_248, v0x556f7928e1f0_249, v0x556f7928e1f0_250;
v0x556f7928e1f0_251 .array/port v0x556f7928e1f0, 251;
v0x556f7928e1f0_252 .array/port v0x556f7928e1f0, 252;
v0x556f7928e1f0_253 .array/port v0x556f7928e1f0, 253;
v0x556f7928e1f0_254 .array/port v0x556f7928e1f0, 254;
E_0x556f79262220/63 .event edge, v0x556f7928e1f0_251, v0x556f7928e1f0_252, v0x556f7928e1f0_253, v0x556f7928e1f0_254;
v0x556f7928e1f0_255 .array/port v0x556f7928e1f0, 255;
E_0x556f79262220/64 .event edge, v0x556f7928e1f0_255;
E_0x556f79262220 .event/or E_0x556f79262220/0, E_0x556f79262220/1, E_0x556f79262220/2, E_0x556f79262220/3, E_0x556f79262220/4, E_0x556f79262220/5, E_0x556f79262220/6, E_0x556f79262220/7, E_0x556f79262220/8, E_0x556f79262220/9, E_0x556f79262220/10, E_0x556f79262220/11, E_0x556f79262220/12, E_0x556f79262220/13, E_0x556f79262220/14, E_0x556f79262220/15, E_0x556f79262220/16, E_0x556f79262220/17, E_0x556f79262220/18, E_0x556f79262220/19, E_0x556f79262220/20, E_0x556f79262220/21, E_0x556f79262220/22, E_0x556f79262220/23, E_0x556f79262220/24, E_0x556f79262220/25, E_0x556f79262220/26, E_0x556f79262220/27, E_0x556f79262220/28, E_0x556f79262220/29, E_0x556f79262220/30, E_0x556f79262220/31, E_0x556f79262220/32, E_0x556f79262220/33, E_0x556f79262220/34, E_0x556f79262220/35, E_0x556f79262220/36, E_0x556f79262220/37, E_0x556f79262220/38, E_0x556f79262220/39, E_0x556f79262220/40, E_0x556f79262220/41, E_0x556f79262220/42, E_0x556f79262220/43, E_0x556f79262220/44, E_0x556f79262220/45, E_0x556f79262220/46, E_0x556f79262220/47, E_0x556f79262220/48, E_0x556f79262220/49, E_0x556f79262220/50, E_0x556f79262220/51, E_0x556f79262220/52, E_0x556f79262220/53, E_0x556f79262220/54, E_0x556f79262220/55, E_0x556f79262220/56, E_0x556f79262220/57, E_0x556f79262220/58, E_0x556f79262220/59, E_0x556f79262220/60, E_0x556f79262220/61, E_0x556f79262220/62, E_0x556f79262220/63, E_0x556f79262220/64;
    .scope S_0x556f79262090;
T_0 ;
    %pushi/vec4 8, 0, 4;
    %store/vec4 v0x556f7928d450_0, 0, 4;
    %pushi/vec4 0, 0, 1;
    %store/vec4 v0x556f79290b80_0, 0, 1;
    %pushi/vec4 0, 0, 1;
    %store/vec4 v0x556f79290ac0_0, 0, 1;
    %end;
    .thread T_0;
    .scope S_0x556f79262090;
T_1 ;
    %pushi/vec4 16, 0, 8;
    %ix/load 4, 1, 0;
    %flag_set/imm 4, 0;
    %store/vec4a v0x556f7928e1f0, 4, 0;
    %pushi/vec4 32, 0, 8;
    %ix/load 4, 2, 0;
    %flag_set/imm 4, 0;
    %store/vec4a v0x556f7928e1f0, 4, 0;
    %pushi/vec4 18, 0, 8;
    %ix/load 4, 3, 0;
    %flag_set/imm 4, 0;
    %store/vec4a v0x556f7928e1f0, 4, 0;
    %pushi/vec4 48, 0, 8;
    %ix/load 4, 4, 0;
    %flag_set/imm 4, 0;
    %store/vec4a v0x556f7928e1f0, 4, 0;
    %pushi/vec4 242, 0, 8;
    %ix/load 4, 5, 0;
    %flag_set/imm 4, 0;
    %store/vec4a v0x556f7928e1f0, 4, 0;
    %pushi/vec4 0, 0, 8;
    %ix/load 4, 6, 0;
    %flag_set/imm 4, 0;
    %store/vec4a v0x556f7928e1f0, 4, 0;
    %pushi/vec4 0, 0, 8;
    %ix/load 4, 7, 0;
    %flag_set/imm 4, 0;
    %store/vec4a v0x556f7928e1f0, 4, 0;
    %pushi/vec4 0, 0, 8;
    %ix/load 4, 8, 0;
    %flag_set/imm 4, 0;
    %store/vec4a v0x556f7928e1f0, 4, 0;
    %pushi/vec4 0, 0, 8;
    %ix/load 4, 9, 0;
    %flag_set/imm 4, 0;
    %store/vec4a v0x556f7928e1f0, 4, 0;
    %pushi/vec4 0, 0, 8;
    %ix/load 4, 10, 0;
    %flag_set/imm 4, 0;
    %store/vec4a v0x556f7928e1f0, 4, 0;
    %pushi/vec4 0, 0, 8;
    %ix/load 4, 11, 0;
    %flag_set/imm 4, 0;
    %store/vec4a v0x556f7928e1f0, 4, 0;
    %pushi/vec4 0, 0, 8;
    %ix/load 4, 12, 0;
    %flag_set/imm 4, 0;
    %store/vec4a v0x556f7928e1f0, 4, 0;
    %pushi/vec4 2, 0, 8;
    %ix/load 4, 13, 0;
    %flag_set/imm 4, 0;
    %store/vec4a v0x556f7928e1f0, 4, 0;
    %pushi/vec4 64, 0, 8;
    %ix/load 4, 14, 0;
    %flag_set/imm 4, 0;
    %store/vec4a v0x556f7928e1f0, 4, 0;
    %pushi/vec4 36, 0, 8;
    %ix/load 4, 15, 0;
    %flag_set/imm 4, 0;
    %store/vec4a v0x556f7928e1f0, 4, 0;
    %pushi/vec4 1, 0, 64;
    %split/vec4 8;
    %ix/load 4, 23, 0;
    %flag_set/imm 4, 0;
    %store/vec4a v0x556f7928e1f0, 4, 0;
    %split/vec4 8;
    %ix/load 4, 22, 0;
    %flag_set/imm 4, 0;
    %store/vec4a v0x556f7928e1f0, 4, 0;
    %split/vec4 8;
    %ix/load 4, 21, 0;
    %flag_set/imm 4, 0;
    %store/vec4a v0x556f7928e1f0, 4, 0;
    %split/vec4 8;
    %ix/load 4, 20, 0;
    %flag_set/imm 4, 0;
    %store/vec4a v0x556f7928e1f0, 4, 0;
    %split/vec4 8;
    %ix/load 4, 19, 0;
    %flag_set/imm 4, 0;
    %store/vec4a v0x556f7928e1f0, 4, 0;
    %split/vec4 8;
    %ix/load 4, 18, 0;
    %flag_set/imm 4, 0;
    %store/vec4a v0x556f7928e1f0, 4, 0;
    %split/vec4 8;
    %ix/load 4, 17, 0;
    %flag_set/imm 4, 0;
    %store/vec4a v0x556f7928e1f0, 4, 0;
    %ix/load 4, 16, 0;
    %flag_set/imm 4, 0;
    %store/vec4a v0x556f7928e1f0, 4, 0;
    %pushi/vec4 64, 0, 8;
    %ix/load 4, 24, 0;
    %flag_set/imm 4, 0;
    %store/vec4a v0x556f7928e1f0, 4, 0;
    %pushi/vec4 83, 0, 8;
    %ix/load 4, 25, 0;
    %flag_set/imm 4, 0;
    %store/vec4a v0x556f7928e1f0, 4, 0;
    %pushi/vec4 0, 0, 64;
    %split/vec4 8;
    %ix/load 4, 33, 0;
    %flag_set/imm 4, 0;
    %store/vec4a v0x556f7928e1f0, 4, 0;
    %split/vec4 8;
    %ix/load 4, 32, 0;
    %flag_set/imm 4, 0;
    %store/vec4a v0x556f7928e1f0, 4, 0;
    %split/vec4 8;
    %ix/load 4, 31, 0;
    %flag_set/imm 4, 0;
    %store/vec4a v0x556f7928e1f0, 4, 0;
    %split/vec4 8;
    %ix/load 4, 30, 0;
    %flag_set/imm 4, 0;
    %store/vec4a v0x556f7928e1f0, 4, 0;
    %split/vec4 8;
    %ix/load 4, 29, 0;
    %flag_set/imm 4, 0;
    %store/vec4a v0x556f7928e1f0, 4, 0;
    %split/vec4 8;
    %ix/load 4, 28, 0;
    %flag_set/imm 4, 0;
    %store/vec4a v0x556f7928e1f0, 4, 0;
    %split/vec4 8;
    %ix/load 4, 27, 0;
    %flag_set/imm 4, 0;
    %store/vec4a v0x556f7928e1f0, 4, 0;
    %ix/load 4, 26, 0;
    %flag_set/imm 4, 0;
    %store/vec4a v0x556f7928e1f0, 4, 0;
    %pushi/vec4 80, 0, 8;
    %ix/load 4, 34, 0;
    %flag_set/imm 4, 0;
    %store/vec4a v0x556f7928e1f0, 4, 0;
    %pushi/vec4 83, 0, 8;
    %ix/load 4, 35, 0;
    %flag_set/imm 4, 0;
    %store/vec4a v0x556f7928e1f0, 4, 0;
    %pushi/vec4 0, 0, 64;
    %split/vec4 8;
    %ix/load 4, 43, 0;
    %flag_set/imm 4, 0;
    %store/vec4a v0x556f7928e1f0, 4, 0;
    %split/vec4 8;
    %ix/load 4, 42, 0;
    %flag_set/imm 4, 0;
    %store/vec4a v0x556f7928e1f0, 4, 0;
    %split/vec4 8;
    %ix/load 4, 41, 0;
    %flag_set/imm 4, 0;
    %store/vec4a v0x556f7928e1f0, 4, 0;
    %split/vec4 8;
    %ix/load 4, 40, 0;
    %flag_set/imm 4, 0;
    %store/vec4a v0x556f7928e1f0, 4, 0;
    %split/vec4 8;
    %ix/load 4, 39, 0;
    %flag_set/imm 4, 0;
    %store/vec4a v0x556f7928e1f0, 4, 0;
    %split/vec4 8;
    %ix/load 4, 38, 0;
    %flag_set/imm 4, 0;
    %store/vec4a v0x556f7928e1f0, 4, 0;
    %split/vec4 8;
    %ix/load 4, 37, 0;
    %flag_set/imm 4, 0;
    %store/vec4a v0x556f7928e1f0, 4, 0;
    %ix/load 4, 36, 0;
    %flag_set/imm 4, 0;
    %store/vec4a v0x556f7928e1f0, 4, 0;
    %pushi/vec4 96, 0, 8;
    %ix/load 4, 44, 0;
    %flag_set/imm 4, 0;
    %store/vec4a v0x556f7928e1f0, 4, 0;
    %pushi/vec4 154, 0, 8;
    %ix/load 4, 45, 0;
    %flag_set/imm 4, 0;
    %store/vec4a v0x556f7928e1f0, 4, 0;
    %pushi/vec4 115, 0, 8;
    %ix/load 4, 46, 0;
    %flag_set/imm 4, 0;
    %store/vec4a v0x556f7928e1f0, 4, 0;
    %pushi/vec4 56, 0, 64;
    %split/vec4 8;
    %ix/load 4, 54, 0;
    %flag_set/imm 4, 0;
    %store/vec4a v0x556f7928e1f0, 4, 0;
    %split/vec4 8;
    %ix/load 4, 53, 0;
    %flag_set/imm 4, 0;
    %store/vec4a v0x556f7928e1f0, 4, 0;
    %split/vec4 8;
    %ix/load 4, 52, 0;
    %flag_set/imm 4, 0;
    %store/vec4a v0x556f7928e1f0, 4, 0;
    %split/vec4 8;
    %ix/load 4, 51, 0;
    %flag_set/imm 4, 0;
    %store/vec4a v0x556f7928e1f0, 4, 0;
    %split/vec4 8;
    %ix/load 4, 50, 0;
    %flag_set/imm 4, 0;
    %store/vec4a v0x556f7928e1f0, 4, 0;
    %split/vec4 8;
    %ix/load 4, 49, 0;
    %flag_set/imm 4, 0;
    %store/vec4a v0x556f7928e1f0, 4, 0;
    %split/vec4 8;
    %ix/load 4, 48, 0;
    %flag_set/imm 4, 0;
    %store/vec4a v0x556f7928e1f0, 4, 0;
    %ix/load 4, 47, 0;
    %flag_set/imm 4, 0;
    %store/vec4a v0x556f7928e1f0, 4, 0;
    %pushi/vec4 0, 0, 8;
    %ix/load 4, 55, 0;
    %flag_set/imm 4, 0;
    %store/vec4a v0x556f7928e1f0, 4, 0;
    %pushi/vec4 160, 0, 8;
    %ix/load 4, 56, 0;
    %flag_set/imm 4, 0;
    %store/vec4a v0x556f7928e1f0, 4, 0;
    %pushi/vec4 159, 0, 8;
    %ix/load 4, 57, 0;
    %flag_set/imm 4, 0;
    %store/vec4a v0x556f7928e1f0, 4, 0;
    %pushi/vec4 176, 0, 8;
    %ix/load 4, 58, 0;
    %flag_set/imm 4, 0;
    %store/vec4a v0x556f7928e1f0, 4, 0;
    %pushi/vec4 159, 0, 8;
    %ix/load 4, 59, 0;
    %flag_set/imm 4, 0;
    %store/vec4a v0x556f7928e1f0, 4, 0;
    %pushi/vec4 128, 0, 8;
    %ix/load 4, 60, 0;
    %flag_set/imm 4, 0;
    %store/vec4a v0x556f7928e1f0, 4, 0;
    %pushi/vec4 80, 0, 64;
    %split/vec4 8;
    %ix/load 4, 68, 0;
    %flag_set/imm 4, 0;
    %store/vec4a v0x556f7928e1f0, 4, 0;
    %split/vec4 8;
    %ix/load 4, 67, 0;
    %flag_set/imm 4, 0;
    %store/vec4a v0x556f7928e1f0, 4, 0;
    %split/vec4 8;
    %ix/load 4, 66, 0;
    %flag_set/imm 4, 0;
    %store/vec4a v0x556f7928e1f0, 4, 0;
    %split/vec4 8;
    %ix/load 4, 65, 0;
    %flag_set/imm 4, 0;
    %store/vec4a v0x556f7928e1f0, 4, 0;
    %split/vec4 8;
    %ix/load 4, 64, 0;
    %flag_set/imm 4, 0;
    %store/vec4a v0x556f7928e1f0, 4, 0;
    %split/vec4 8;
    %ix/load 4, 63, 0;
    %flag_set/imm 4, 0;
    %store/vec4a v0x556f7928e1f0, 4, 0;
    %split/vec4 8;
    %ix/load 4, 62, 0;
    %flag_set/imm 4, 0;
    %store/vec4a v0x556f7928e1f0, 4, 0;
    %ix/load 4, 61, 0;
    %flag_set/imm 4, 0;
    %store/vec4a v0x556f7928e1f0, 4, 0;
    %pushi/vec4 96, 0, 8;
    %ix/load 4, 69, 0;
    %flag_set/imm 4, 0;
    %store/vec4a v0x556f7928e1f0, 4, 0;
    %pushi/vec4 86, 0, 8;
    %ix/load 4, 70, 0;
    %flag_set/imm 4, 0;
    %store/vec4a v0x556f7928e1f0, 4, 0;
    %pushi/vec4 112, 0, 8;
    %ix/load 4, 71, 0;
    %flag_set/imm 4, 0;
    %store/vec4a v0x556f7928e1f0, 4, 0;
    %pushi/vec4 46, 0, 64;
    %split/vec4 8;
    %ix/load 4, 79, 0;
    %flag_set/imm 4, 0;
    %store/vec4a v0x556f7928e1f0, 4, 0;
    %split/vec4 8;
    %ix/load 4, 78, 0;
    %flag_set/imm 4, 0;
    %store/vec4a v0x556f7928e1f0, 4, 0;
    %split/vec4 8;
    %ix/load 4, 77, 0;
    %flag_set/imm 4, 0;
    %store/vec4a v0x556f7928e1f0, 4, 0;
    %split/vec4 8;
    %ix/load 4, 76, 0;
    %flag_set/imm 4, 0;
    %store/vec4a v0x556f7928e1f0, 4, 0;
    %split/vec4 8;
    %ix/load 4, 75, 0;
    %flag_set/imm 4, 0;
    %store/vec4a v0x556f7928e1f0, 4, 0;
    %split/vec4 8;
    %ix/load 4, 74, 0;
    %flag_set/imm 4, 0;
    %store/vec4a v0x556f7928e1f0, 4, 0;
    %split/vec4 8;
    %ix/load 4, 73, 0;
    %flag_set/imm 4, 0;
    %store/vec4a v0x556f7928e1f0, 4, 0;
    %ix/load 4, 72, 0;
    %flag_set/imm 4, 0;
    %store/vec4a v0x556f7928e1f0, 4, 0;
    %pushi/vec4 48, 0, 8;
    %ix/load 4, 80, 0;
    %flag_set/imm 4, 0;
    %store/vec4a v0x556f7928e1f0, 4, 0;
    %pushi/vec4 242, 0, 8;
    %ix/load 4, 81, 0;
    %flag_set/imm 4, 0;
    %store/vec4a v0x556f7928e1f0, 4, 0;
    %pushi/vec4 0, 0, 8;
    %ix/load 4, 82, 0;
    %flag_set/imm 4, 0;
    %store/vec4a v0x556f7928e1f0, 4, 0;
    %pushi/vec4 0, 0, 8;
    %ix/load 4, 83, 0;
    %flag_set/imm 4, 0;
    %store/vec4a v0x556f7928e1f0, 4, 0;
    %pushi/vec4 0, 0, 8;
    %ix/load 4, 84, 0;
    %flag_set/imm 4, 0;
    %store/vec4a v0x556f7928e1f0, 4, 0;
    %pushi/vec4 0, 0, 8;
    %ix/load 4, 85, 0;
    %flag_set/imm 4, 0;
    %store/vec4a v0x556f7928e1f0, 4, 0;
    %pushi/vec4 0, 0, 8;
    %ix/load 4, 86, 0;
    %flag_set/imm 4, 0;
    %store/vec4a v0x556f7928e1f0, 4, 0;
    %pushi/vec4 0, 0, 8;
    %ix/load 4, 87, 0;
    %flag_set/imm 4, 0;
    %store/vec4a v0x556f7928e1f0, 4, 0;
    %pushi/vec4 0, 0, 8;
    %ix/load 4, 88, 0;
    %flag_set/imm 4, 0;
    %store/vec4a v0x556f7928e1f0, 4, 0;
    %pushi/vec4 2, 0, 8;
    %ix/load 4, 89, 0;
    %flag_set/imm 4, 0;
    %store/vec4a v0x556f7928e1f0, 4, 0;
    %pushi/vec4 96, 0, 8;
    %ix/load 4, 90, 0;
    %flag_set/imm 4, 0;
    %store/vec4a v0x556f7928e1f0, 4, 0;
    %pushi/vec4 146, 0, 8;
    %ix/load 4, 91, 0;
    %flag_set/imm 4, 0;
    %store/vec4a v0x556f7928e1f0, 4, 0;
    %pushi/vec4 16, 0, 8;
    %ix/load 4, 92, 0;
    %flag_set/imm 4, 0;
    %store/vec4a v0x556f7928e1f0, 4, 0;
    %pushi/vec4 144, 0, 8;
    %ix/load 4, 93, 0;
    %flag_set/imm 4, 0;
    %store/vec4a v0x556f7928e1f0, 4, 0;
    %end;
    .thread T_1;
    .scope S_0x556f79262090;
T_2 ;
    %wait E_0x556f79262220;
    %ix/getv 4, v0x556f7928db10_0;
    %load/vec4a v0x556f7928e1f0, 4;
    %load/vec4 v0x556f7928db10_0;
    %pad/u 65;
    %addi 1, 0, 65;
    %ix/vec4 4;
    %load/vec4a v0x556f7928e1f0, 4;
    %concat/vec4; draw_concat_vec4
    %load/vec4 v0x556f7928db10_0;
    %pad/u 65;
    %addi 2, 0, 65;
    %ix/vec4 4;
    %load/vec4a v0x556f7928e1f0, 4;
    %concat/vec4; draw_concat_vec4
    %load/vec4 v0x556f7928db10_0;
    %pad/u 65;
    %addi 3, 0, 65;
    %ix/vec4 4;
    %load/vec4a v0x556f7928e1f0, 4;
    %concat/vec4; draw_concat_vec4
    %load/vec4 v0x556f7928db10_0;
    %pad/u 65;
    %addi 4, 0, 65;
    %ix/vec4 4;
    %load/vec4a v0x556f7928e1f0, 4;
    %concat/vec4; draw_concat_vec4
    %load/vec4 v0x556f7928db10_0;
    %pad/u 65;
    %addi 5, 0, 65;
    %ix/vec4 4;
    %load/vec4a v0x556f7928e1f0, 4;
    %concat/vec4; draw_concat_vec4
    %load/vec4 v0x556f7928db10_0;
    %pad/u 65;
    %addi 6, 0, 65;
    %ix/vec4 4;
    %load/vec4a v0x556f7928e1f0, 4;
    %concat/vec4; draw_concat_vec4
    %load/vec4 v0x556f7928db10_0;
    %pad/u 65;
    %addi 7, 0, 65;
    %ix/vec4 4;
    %load/vec4a v0x556f7928e1f0, 4;
    %concat/vec4; draw_concat_vec4
    %load/vec4 v0x556f7928db10_0;
    %pad/u 65;
    %addi 8, 0, 65;
    %ix/vec4 4;
    %load/vec4a v0x556f7928e1f0, 4;
    %concat/vec4; draw_concat_vec4
    %load/vec4 v0x556f7928db10_0;
    %pad/u 65;
    %addi 9, 0, 65;
    %ix/vec4 4;
    %load/vec4a v0x556f7928e1f0, 4;
    %concat/vec4; draw_concat_vec4
    %store/vec4 v0x556f7928e110_0, 0, 80;
    %jmp T_2;
    .thread T_2, $push;
    .scope S_0x556f79262090;
T_3 ;
    %wait E_0x556f792259b0;
    %load/vec4 v0x556f7928dbf0_0;
    %cmpi/e 9, 0, 4;
    %jmp/0xz  T_3.0, 4;
    %load/vec4 v0x556f7928dcd0_0;
    %store/vec4 v0x556f7928db10_0, 0, 64;
    %jmp T_3.1;
T_3.0 ;
    %load/vec4 v0x556f7928d950_0;
    %pushi/vec4 7, 0, 4;
    %cmp/e;
    %flag_get/vec4 4;
    %load/vec4 v0x556f7928d890_0;
    %nor/r;
    %and;
    %flag_set/vec4 8;
    %jmp/0xz  T_3.2, 8;
    %load/vec4 v0x556f7928da30_0;
    %store/vec4 v0x556f7928db10_0, 0, 64;
    %jmp T_3.3;
T_3.2 ;
    %load/vec4 v0x556f7928d6f0_0;
    %store/vec4 v0x556f7928db10_0, 0, 64;
T_3.3 ;
T_3.1 ;
    %jmp T_3;
    .thread T_3, $push;
    .scope S_0x556f79262090;
T_4 ;
    %wait E_0x556f7923e560;
    %load/vec4 v0x556f7928db10_0;
    %cmpi/u 255, 0, 64;
    %flag_or 5, 4; GT is !LE
    %flag_inv 5;
    %jmp/0xz  T_4.0, 5;
    %pushi/vec4 1, 0, 1;
    %store/vec4 v0x556f79290b80_0, 0, 1;
T_4.0 ;
    %load/vec4 v0x556f7928e110_0;
    %parti/s 8, 72, 8;
    %split/vec4 4;
    %store/vec4 v0x556f7928e030_0, 0, 4;
    %store/vec4 v0x556f7928df50_0, 0, 4;
    %load/vec4 v0x556f7928df50_0;
    %cmpi/e 0, 0, 4;
    %jmp/0xz  T_4.2, 4;
    %load/vec4 v0x556f7928db10_0;
    %store/vec4 v0x556f79290ee0_0, 0, 64;
    %load/vec4 v0x556f79290ee0_0;
    %store/vec4 v0x556f7928de70_0, 0, 64;
    %jmp T_4.3;
T_4.2 ;
    %load/vec4 v0x556f7928df50_0;
    %cmpi/e 1, 0, 4;
    %jmp/0xz  T_4.4, 4;
    %load/vec4 v0x556f7928db10_0;
    %addi 1, 0, 64;
    %store/vec4 v0x556f79290ee0_0, 0, 64;
    %load/vec4 v0x556f79290ee0_0;
    %store/vec4 v0x556f7928de70_0, 0, 64;
    %jmp T_4.5;
T_4.4 ;
    %load/vec4 v0x556f7928df50_0;
    %cmpi/e 2, 0, 4;
    %jmp/0xz  T_4.6, 4;
    %load/vec4 v0x556f7928e110_0;
    %parti/s 8, 64, 8;
    %split/vec4 4;
    %store/vec4 v0x556f79290d20_0, 0, 4;
    %store/vec4 v0x556f79290c40_0, 0, 4;
    %load/vec4 v0x556f7928db10_0;
    %addi 2, 0, 64;
    %store/vec4 v0x556f79290ee0_0, 0, 64;
    %load/vec4 v0x556f79290ee0_0;
    %store/vec4 v0x556f7928de70_0, 0, 64;
    %jmp T_4.7;
T_4.6 ;
    %load/vec4 v0x556f7928df50_0;
    %cmpi/e 3, 0, 4;
    %jmp/0xz  T_4.8, 4;
    %load/vec4 v0x556f7928e110_0;
    %parti/s 72, 0, 2;
    %split/vec4 64;
    %store/vec4 v0x556f79290fc0_0, 0, 64;
    %split/vec4 4;
    %store/vec4 v0x556f79290d20_0, 0, 4;
    %store/vec4 v0x556f79290c40_0, 0, 4;
    %load/vec4 v0x556f7928db10_0;
    %addi 10, 0, 64;
    %store/vec4 v0x556f79290ee0_0, 0, 64;
    %load/vec4 v0x556f79290ee0_0;
    %store/vec4 v0x556f7928de70_0, 0, 64;
    %jmp T_4.9;
T_4.8 ;
    %load/vec4 v0x556f7928df50_0;
    %cmpi/e 4, 0, 4;
    %jmp/0xz  T_4.10, 4;
    %load/vec4 v0x556f7928e110_0;
    %parti/s 72, 0, 2;
    %split/vec4 64;
    %store/vec4 v0x556f79290fc0_0, 0, 64;
    %split/vec4 4;
    %store/vec4 v0x556f79290d20_0, 0, 4;
    %store/vec4 v0x556f79290c40_0, 0, 4;
    %load/vec4 v0x556f7928db10_0;
    %addi 10, 0, 64;
    %store/vec4 v0x556f79290ee0_0, 0, 64;
    %load/vec4 v0x556f79290ee0_0;
    %store/vec4 v0x556f7928de70_0, 0, 64;
    %jmp T_4.11;
T_4.10 ;
    %load/vec4 v0x556f7928df50_0;
    %cmpi/e 5, 0, 4;
    %jmp/0xz  T_4.12, 4;
    %load/vec4 v0x556f7928e110_0;
    %parti/s 72, 0, 2;
    %split/vec4 64;
    %store/vec4 v0x556f79290fc0_0, 0, 64;
    %split/vec4 4;
    %store/vec4 v0x556f79290d20_0, 0, 4;
    %store/vec4 v0x556f79290c40_0, 0, 4;
    %load/vec4 v0x556f7928db10_0;
    %addi 10, 0, 64;
    %store/vec4 v0x556f79290ee0_0, 0, 64;
    %load/vec4 v0x556f79290ee0_0;
    %store/vec4 v0x556f7928de70_0, 0, 64;
    %jmp T_4.13;
T_4.12 ;
    %load/vec4 v0x556f7928df50_0;
    %cmpi/e 6, 0, 4;
    %jmp/0xz  T_4.14, 4;
    %load/vec4 v0x556f7928e110_0;
    %parti/s 8, 64, 8;
    %split/vec4 4;
    %store/vec4 v0x556f79290d20_0, 0, 4;
    %store/vec4 v0x556f79290c40_0, 0, 4;
    %load/vec4 v0x556f7928db10_0;
    %addi 2, 0, 64;
    %store/vec4 v0x556f79290ee0_0, 0, 64;
    %load/vec4 v0x556f79290ee0_0;
    %store/vec4 v0x556f7928de70_0, 0, 64;
    %jmp T_4.15;
T_4.14 ;
    %load/vec4 v0x556f7928df50_0;
    %cmpi/e 7, 0, 4;
    %jmp/0xz  T_4.16, 4;
    %load/vec4 v0x556f7928e110_0;
    %parti/s 64, 8, 5;
    %store/vec4 v0x556f79290fc0_0, 0, 64;
    %load/vec4 v0x556f7928db10_0;
    %addi 9, 0, 64;
    %store/vec4 v0x556f79290ee0_0, 0, 64;
    %load/vec4 v0x556f79290fc0_0;
    %store/vec4 v0x556f7928de70_0, 0, 64;
    %jmp T_4.17;
T_4.16 ;
    %load/vec4 v0x556f7928df50_0;
    %cmpi/e 8, 0, 4;
    %jmp/0xz  T_4.18, 4;
    %load/vec4 v0x556f7928e110_0;
    %parti/s 64, 8, 5;
    %store/vec4 v0x556f79290fc0_0, 0, 64;
    %load/vec4 v0x556f7928db10_0;
    %addi 9, 0, 64;
    %store/vec4 v0x556f79290ee0_0, 0, 64;
    %load/vec4 v0x556f79290fc0_0;
    %store/vec4 v0x556f7928de70_0, 0, 64;
    %jmp T_4.19;
T_4.18 ;
    %load/vec4 v0x556f7928df50_0;
    %cmpi/e 9, 0, 4;
    %jmp/0xz  T_4.20, 4;
    %load/vec4 v0x556f7928db10_0;
    %addi 1, 0, 64;
    %store/vec4 v0x556f79290ee0_0, 0, 64;
    %jmp T_4.21;
T_4.20 ;
    %load/vec4 v0x556f7928df50_0;
    %cmpi/e 10, 0, 4;
    %jmp/0xz  T_4.22, 4;
    %load/vec4 v0x556f7928e110_0;
    %parti/s 8, 64, 8;
    %split/vec4 4;
    %store/vec4 v0x556f79290d20_0, 0, 4;
    %store/vec4 v0x556f79290c40_0, 0, 4;
    %load/vec4 v0x556f7928db10_0;
    %addi 2, 0, 64;
    %store/vec4 v0x556f79290ee0_0, 0, 64;
    %load/vec4 v0x556f79290ee0_0;
    %store/vec4 v0x556f7928de70_0, 0, 64;
    %jmp T_4.23;
T_4.22 ;
    %load/vec4 v0x556f7928df50_0;
    %cmpi/e 11, 0, 4;
    %jmp/0xz  T_4.24, 4;
    %load/vec4 v0x556f7928e110_0;
    %parti/s 8, 64, 8;
    %split/vec4 4;
    %store/vec4 v0x556f79290d20_0, 0, 4;
    %store/vec4 v0x556f79290c40_0, 0, 4;
    %load/vec4 v0x556f7928db10_0;
    %addi 2, 0, 64;
    %store/vec4 v0x556f79290ee0_0, 0, 64;
    %load/vec4 v0x556f79290ee0_0;
    %store/vec4 v0x556f7928de70_0, 0, 64;
    %jmp T_4.25;
T_4.24 ;
    %pushi/vec4 1, 0, 1;
    %store/vec4 v0x556f79290ac0_0, 0, 1;
T_4.25 ;
T_4.23 ;
T_4.21 ;
T_4.19 ;
T_4.17 ;
T_4.15 ;
T_4.13 ;
T_4.11 ;
T_4.9 ;
T_4.7 ;
T_4.5 ;
T_4.3 ;
    %jmp T_4;
    .thread T_4, $push;
    .scope S_0x556f79262090;
T_5 ;
    %wait E_0x556f7923e6e0;
    %load/vec4 v0x556f7928d7d0_0;
    %flag_set/vec4 8;
    %jmp/0xz  T_5.0, 8;
T_5.0 ;
    %load/vec4 v0x556f7928d390_0;
    %pad/u 32;
    %cmpi/e 0, 0, 32;
    %jmp/0xz  T_5.2, 4;
    %load/vec4 v0x556f79201eb0_0;
    %flag_set/vec4 8;
    %jmp/0xz  T_5.4, 8;
    %pushi/vec4 4096, 0, 16;
    %split/vec4 4;
    %assign/vec4 v0x556f7928d260_0, 0;
    %split/vec4 4;
    %assign/vec4 v0x556f7928d180_0, 0;
    %split/vec4 4;
    %assign/vec4 v0x556f7928d0c0_0, 0;
    %assign/vec4 v0x556f7928cfe0_0, 0;
    %pushi/vec4 0, 0, 128;
    %split/vec4 64;
    %assign/vec4 v0x556f7928d530_0, 0;
    %assign/vec4 v0x556f7928d610_0, 0;
    %pushi/vec4 8, 0, 4;
    %assign/vec4 v0x556f7928d450_0, 0;
    %jmp T_5.5;
T_5.4 ;
    %load/vec4 v0x556f7928df50_0;
    %assign/vec4 v0x556f7928cfe0_0, 0;
    %load/vec4 v0x556f7928e030_0;
    %assign/vec4 v0x556f7928d0c0_0, 0;
    %load/vec4 v0x556f79290c40_0;
    %assign/vec4 v0x556f7928d180_0, 0;
    %load/vec4 v0x556f79290d20_0;
    %assign/vec4 v0x556f7928d260_0, 0;
    %load/vec4 v0x556f79290fc0_0;
    %assign/vec4 v0x556f7928d610_0, 0;
    %load/vec4 v0x556f79290ee0_0;
    %assign/vec4 v0x556f7928d530_0, 0;
    %load/vec4 v0x556f79290e00_0;
    %assign/vec4 v0x556f7928d450_0, 0;
T_5.5 ;
T_5.2 ;
    %jmp T_5;
    .thread T_5;
    .scope S_0x556f79262090;
T_6 ;
    %wait E_0x556f7923f250;
    %pushi/vec4 8, 0, 4;
    %store/vec4 v0x556f79290e00_0, 0, 4;
    %load/vec4 v0x556f79290ac0_0;
    %pad/u 32;
    %cmpi/e 0, 0, 32;
    %jmp/0xz  T_6.0, 4;
    %pushi/vec4 1, 0, 4;
    %store/vec4 v0x556f79290e00_0, 0, 4;
T_6.0 ;
    %load/vec4 v0x556f79290b80_0;
    %pad/u 32;
    %cmpi/e 1, 0, 32;
    %jmp/0xz  T_6.2, 4;
    %pushi/vec4 2, 0, 4;
    %store/vec4 v0x556f79290e00_0, 0, 4;
T_6.2 ;
    %load/vec4 v0x556f7928df50_0;
    %cmpi/e 0, 0, 4;
    %jmp/0xz  T_6.4, 4;
    %pushi/vec4 4, 0, 4;
    %store/vec4 v0x556f79290e00_0, 0, 4;
T_6.4 ;
    %jmp T_6;
    .thread T_6, $push;
# The file index is used to find the file name in the following table.
:file_names 3;
    "N/A";
    "<interactive>";
    "fetch.v";
