#! /usr/bin/vvp
:ivl_version "11.0 (stable)";
:ivl_delay_selection "TYPICAL";
:vpi_time_precision + 0;
:vpi_module "/usr/lib/x86_64-linux-gnu/ivl/system.vpi";
:vpi_module "/usr/lib/x86_64-linux-gnu/ivl/vhdl_sys.vpi";
:vpi_module "/usr/lib/x86_64-linux-gnu/ivl/vhdl_textio.vpi";
:vpi_module "/usr/lib/x86_64-linux-gnu/ivl/v2005_math.vpi";
:vpi_module "/usr/lib/x86_64-linux-gnu/ivl/va_math.vpi";
S_0x55868bc36d90 .scope module, "pipeline_control" "pipeline_control" 2 1;
 .timescale 0 0;
    .port_info 0 /INPUT 4 "W_stat";
    .port_info 1 /INPUT 4 "m_stat";
    .port_info 2 /INPUT 4 "M_icode";
    .port_info 3 /OUTPUT 1 "M_bubble";
    .port_info 4 /INPUT 1 "e_Cnd";
    .port_info 5 /OUTPUT 1 "setcc";
    .port_info 6 /INPUT 4 "E_dstM";
    .port_info 7 /INPUT 4 "E_icode";
    .port_info 8 /OUTPUT 1 "E_bubble";
    .port_info 9 /INPUT 4 "d_srcA";
    .port_info 10 /INPUT 4 "d_srcB";
    .port_info 11 /INPUT 4 "D_icode";
    .port_info 12 /OUTPUT 1 "D_bubble";
    .port_info 13 /OUTPUT 1 "D_stall";
    .port_info 14 /OUTPUT 1 "F_stall";
v0x55868bc387b0_0 .var "D_bubble", 0 0;
o0x7fa70e098048 .functor BUFZ 4, C4<zzzz>; HiZ drive
v0x55868bc38ba0_0 .net "D_icode", 3 0, o0x7fa70e098048;  0 drivers
v0x55868bc8a860_0 .var "D_stall", 0 0;
v0x55868bc8a900_0 .var "E_bubble", 0 0;
o0x7fa70e0980d8 .functor BUFZ 4, C4<zzzz>; HiZ drive
v0x55868bc8a9c0_0 .net "E_dstM", 3 0, o0x7fa70e0980d8;  0 drivers
o0x7fa70e098108 .functor BUFZ 4, C4<zzzz>; HiZ drive
v0x55868bc8aaf0_0 .net "E_icode", 3 0, o0x7fa70e098108;  0 drivers
v0x55868bc8abd0_0 .var "F_stall", 0 0;
v0x55868bc8ac90_0 .var "M_bubble", 0 0;
o0x7fa70e098198 .functor BUFZ 4, C4<zzzz>; HiZ drive
v0x55868bc8ad50_0 .net "M_icode", 3 0, o0x7fa70e098198;  0 drivers
v0x55868bc8ae30_0 .var "W_stall", 0 0;
o0x7fa70e0981f8 .functor BUFZ 4, C4<zzzz>; HiZ drive
v0x55868bc8aef0_0 .net "W_stat", 0 3, o0x7fa70e0981f8;  0 drivers
o0x7fa70e098228 .functor BUFZ 4, C4<zzzz>; HiZ drive
v0x55868bc8afd0_0 .net "d_srcA", 3 0, o0x7fa70e098228;  0 drivers
o0x7fa70e098258 .functor BUFZ 4, C4<zzzz>; HiZ drive
v0x55868bc8b0b0_0 .net "d_srcB", 3 0, o0x7fa70e098258;  0 drivers
o0x7fa70e098288 .functor BUFZ 1, C4<z>; HiZ drive
v0x55868bc8b190_0 .net "e_Cnd", 0 0, o0x7fa70e098288;  0 drivers
o0x7fa70e0982b8 .functor BUFZ 4, C4<zzzz>; HiZ drive
v0x55868bc8b250_0 .net "m_stat", 0 3, o0x7fa70e0982b8;  0 drivers
v0x55868bc8b330_0 .var "setcc", 0 0;
E_0x55868bc70d30/0 .event edge, v0x55868bc8aaf0_0, v0x55868bc8a9c0_0, v0x55868bc8afd0_0, v0x55868bc8b0b0_0;
E_0x55868bc70d30/1 .event edge, v0x55868bc38ba0_0, v0x55868bc8ad50_0, v0x55868bc8b190_0, v0x55868bc8b250_0;
E_0x55868bc70d30/2 .event edge, v0x55868bc8aef0_0;
E_0x55868bc70d30 .event/or E_0x55868bc70d30/0, E_0x55868bc70d30/1, E_0x55868bc70d30/2;
    .scope S_0x55868bc36d90;
T_0 ;
    %wait E_0x55868bc70d30;
    %pushi/vec4 0, 0, 1;
    %store/vec4 v0x55868bc8abd0_0, 0, 1;
    %pushi/vec4 0, 0, 1;
    %store/vec4 v0x55868bc8a860_0, 0, 1;
    %pushi/vec4 0, 0, 1;
    %store/vec4 v0x55868bc387b0_0, 0, 1;
    %pushi/vec4 0, 0, 1;
    %store/vec4 v0x55868bc8a900_0, 0, 1;
    %pushi/vec4 0, 0, 1;
    %store/vec4 v0x55868bc8ac90_0, 0, 1;
    %pushi/vec4 1, 0, 1;
    %store/vec4 v0x55868bc8b330_0, 0, 1;
    %load/vec4 v0x55868bc8aaf0_0;
    %pushi/vec4 3, 0, 4;
    %cmp/e;
    %flag_get/vec4 4;
    %load/vec4 v0x55868bc8aaf0_0;
    %pushi/vec4 11, 0, 4;
    %cmp/e;
    %flag_get/vec4 4;
    %or;
    %load/vec4 v0x55868bc8a9c0_0;
    %load/vec4 v0x55868bc8afd0_0;
    %cmp/e;
    %flag_get/vec4 4;
    %load/vec4 v0x55868bc8a9c0_0;
    %load/vec4 v0x55868bc8b0b0_0;
    %cmp/e;
    %flag_get/vec4 4;
    %or;
    %load/vec4 v0x55868bc8a9c0_0;
    %pushi/vec4 15, 0, 4;
    %cmp/e;
    %flag_get/vec4 4;
    %nor/r;
    %and;
    %and;
    %load/vec4 v0x55868bc38ba0_0;
    %pushi/vec4 9, 0, 4;
    %cmp/e;
    %flag_get/vec4 4;
    %load/vec4 v0x55868bc8aaf0_0;
    %pushi/vec4 9, 0, 4;
    %cmp/e;
    %flag_get/vec4 4;
    %or;
    %load/vec4 v0x55868bc8ad50_0;
    %pushi/vec4 9, 0, 4;
    %cmp/e;
    %flag_get/vec4 4;
    %or;
    %or;
    %flag_set/vec4 8;
    %jmp/0xz  T_0.0, 8;
    %vpi_call 2 21 "$display", "F_stalled" {0 0 0};
    %pushi/vec4 1, 0, 1;
    %assign/vec4 v0x55868bc8abd0_0, 0;
T_0.0 ;
    %load/vec4 v0x55868bc8aaf0_0;
    %pushi/vec4 3, 0, 4;
    %cmp/e;
    %flag_get/vec4 4;
    %load/vec4 v0x55868bc8aaf0_0;
    %pushi/vec4 11, 0, 4;
    %cmp/e;
    %flag_get/vec4 4;
    %or;
    %load/vec4 v0x55868bc8a9c0_0;
    %load/vec4 v0x55868bc8afd0_0;
    %cmp/e;
    %flag_get/vec4 4;
    %load/vec4 v0x55868bc8a9c0_0;
    %load/vec4 v0x55868bc8b0b0_0;
    %cmp/e;
    %flag_get/vec4 4;
    %or;
    %load/vec4 v0x55868bc8a9c0_0;
    %pushi/vec4 15, 0, 4;
    %cmp/e;
    %flag_get/vec4 4;
    %nor/r;
    %and;
    %and;
    %flag_set/vec4 8;
    %jmp/0xz  T_0.2, 8;
    %vpi_call 2 26 "$display", "D_stall" {0 0 0};
    %pushi/vec4 1, 0, 1;
    %assign/vec4 v0x55868bc8a860_0, 0;
T_0.2 ;
    %load/vec4 v0x55868bc8aaf0_0;
    %pushi/vec4 7, 0, 4;
    %cmp/e;
    %flag_get/vec4 4;
    %load/vec4 v0x55868bc8b190_0;
    %nor/r;
    %and;
    %load/vec4 v0x55868bc8aaf0_0;
    %pushi/vec4 3, 0, 4;
    %cmp/e;
    %flag_get/vec4 4;
    %load/vec4 v0x55868bc8aaf0_0;
    %pushi/vec4 11, 0, 4;
    %cmp/e;
    %flag_get/vec4 4;
    %or;
    %load/vec4 v0x55868bc8a9c0_0;
    %load/vec4 v0x55868bc8afd0_0;
    %cmp/e;
    %flag_get/vec4 4;
    %load/vec4 v0x55868bc8a9c0_0;
    %load/vec4 v0x55868bc8b0b0_0;
    %cmp/e;
    %flag_get/vec4 4;
    %or;
    %load/vec4 v0x55868bc8a9c0_0;
    %pushi/vec4 15, 0, 4;
    %cmp/e;
    %flag_get/vec4 4;
    %nor/r;
    %and;
    %and;
    %nor/r;
    %load/vec4 v0x55868bc38ba0_0;
    %pushi/vec4 9, 0, 4;
    %cmp/e;
    %flag_get/vec4 4;
    %load/vec4 v0x55868bc8aaf0_0;
    %pushi/vec4 9, 0, 4;
    %cmp/e;
    %flag_get/vec4 4;
    %or;
    %load/vec4 v0x55868bc8ad50_0;
    %pushi/vec4 9, 0, 4;
    %cmp/e;
    %flag_get/vec4 4;
    %or;
    %and;
    %or;
    %flag_set/vec4 8;
    %jmp/0xz  T_0.4, 8;
    %vpi_call 2 31 "$display", "D_bubble" {0 0 0};
    %pushi/vec4 1, 0, 1;
    %assign/vec4 v0x55868bc387b0_0, 0;
T_0.4 ;
    %load/vec4 v0x55868bc8aaf0_0;
    %pushi/vec4 7, 0, 4;
    %cmp/e;
    %flag_get/vec4 4;
    %load/vec4 v0x55868bc8b190_0;
    %nor/r;
    %and;
    %load/vec4 v0x55868bc8aaf0_0;
    %pushi/vec4 3, 0, 4;
    %cmp/e;
    %flag_get/vec4 4;
    %load/vec4 v0x55868bc8aaf0_0;
    %pushi/vec4 11, 0, 4;
    %cmp/e;
    %flag_get/vec4 4;
    %or;
    %load/vec4 v0x55868bc8a9c0_0;
    %load/vec4 v0x55868bc8afd0_0;
    %cmp/e;
    %flag_get/vec4 4;
    %load/vec4 v0x55868bc8a9c0_0;
    %load/vec4 v0x55868bc8b0b0_0;
    %cmp/e;
    %flag_get/vec4 4;
    %or;
    %load/vec4 v0x55868bc8a9c0_0;
    %pushi/vec4 15, 0, 4;
    %cmp/e;
    %flag_get/vec4 4;
    %nor/r;
    %and;
    %and;
    %or;
    %flag_set/vec4 8;
    %jmp/0xz  T_0.6, 8;
    %vpi_call 2 36 "$display", "E_bubble" {0 0 0};
    %pushi/vec4 1, 0, 1;
    %assign/vec4 v0x55868bc8a900_0, 0;
T_0.6 ;
    %load/vec4 v0x55868bc8aaf0_0;
    %pushi/vec4 0, 0, 4;
    %cmp/e;
    %flag_get/vec4 4;
    %load/vec4 v0x55868bc8b250_0;
    %pushi/vec4 8, 0, 4;
    %cmp/ne;
    %flag_get/vec4 4;
    %or;
    %load/vec4 v0x55868bc8aef0_0;
    %pushi/vec4 8, 0, 4;
    %cmp/ne;
    %flag_get/vec4 4;
    %or;
    %flag_set/vec4 8;
    %jmp/0xz  T_0.8, 8;
    %pushi/vec4 0, 0, 1;
    %assign/vec4 v0x55868bc8b330_0, 0;
T_0.8 ;
    %jmp T_0;
    .thread T_0, $push;
# The file index is used to find the file name in the following table.
:file_names 3;
    "N/A";
    "<interactive>";
    "pipeline_control.v";
